0:0:0:0:0:0:0:1 - - [29/Apr/2018:19:50:16 +0800] "OPTIONS /api/token HTTP/1.1" 200 - "-" "Mozilla/5.0 (Windows NT 6.3; Win64; x64) AppleWebKit/537.36 (KHTML, like Gecko) Chrome/65.0.3325.181 Safari/537.36"
0:0:0:0:0:0:0:1 - - [29/Apr/2018:19:50:16 +0800] "POST /api/token HTTP/1.1" 200 - "http://localhost:8085/" "Mozilla/5.0 (Windows NT 6.3; Win64; x64) AppleWebKit/537.36 (KHTML, like Gecko) Chrome/65.0.3325.181 Safari/537.36"
0:0:0:0:0:0:0:1 - - [29/Apr/2018:19:50:55 +0800] "OPTIONS /api/token HTTP/1.1" 200 - "-" "Mozilla/5.0 (Windows NT 6.3; Win64; x64) AppleWebKit/537.36 (KHTML, like Gecko) Chrome/65.0.3325.181 Safari/537.36"
0:0:0:0:0:0:0:1 - - [29/Apr/2018:19:50:55 +0800] "POST /api/token HTTP/1.1" 200 - "http://localhost:8085/" "Mozilla/5.0 (Windows NT 6.3; Win64; x64) AppleWebKit/537.36 (KHTML, like Gecko) Chrome/65.0.3325.181 Safari/537.36"
0:0:0:0:0:0:0:1 - - [29/Apr/2018:19:51:35 +0800] "OPTIONS /api/user HTTP/1.1" 200 - "-" "Mozilla/5.0 (Windows NT 6.3; Win64; x64) AppleWebKit/537.36 (KHTML, like Gecko) Chrome/65.0.3325.181 Safari/537.36"
0:0:0:0:0:0:0:1 - - [29/Apr/2018:19:51:37 +0800] "POST /api/user HTTP/1.1" 200 49 "http://localhost:8085/register" "Mozilla/5.0 (Windows NT 6.3; Win64; x64) AppleWebKit/537.36 (KHTML, like Gecko) Chrome/65.0.3325.181 Safari/537.36"
0:0:0:0:0:0:0:1 - - [29/Apr/2018:19:54:34 +0800] "OPTIONS /api/token HTTP/1.1" 200 - "http://localhost:8085/" "Mozilla/5.0 (Windows NT 6.3; WOW64) AppleWebKit/537.36 (KHTML, like Gecko) Chrome/55.0.2883.87 Safari/537.36"
0:0:0:0:0:0:0:1 - - [29/Apr/2018:19:54:34 +0800] "POST /api/token HTTP/1.1" 200 - "http://localhost:8085/" "Mozilla/5.0 (Windows NT 6.3; WOW64) AppleWebKit/537.36 (KHTML, like Gecko) Chrome/55.0.2883.87 Safari/537.36"
0:0:0:0:0:0:0:1 - - [29/Apr/2018:19:54:43 +0800] "OPTIONS /api/user HTTP/1.1" 200 - "-" "Mozilla/5.0 (Windows NT 6.3; Win64; x64) AppleWebKit/537.36 (KHTML, like Gecko) Chrome/65.0.3325.181 Safari/537.36"
0:0:0:0:0:0:0:1 - - [29/Apr/2018:19:54:44 +0800] "POST /api/user HTTP/1.1" 200 52 "http://localhost:8085/register" "Mozilla/5.0 (Windows NT 6.3; Win64; x64) AppleWebKit/537.36 (KHTML, like Gecko) Chrome/65.0.3325.181 Safari/537.36"
0:0:0:0:0:0:0:1 - - [29/Apr/2018:19:55:07 +0800] "GET /favicon.ico HTTP/1.1" 200 946 "-" "Mozilla/5.0 (Windows NT 6.3; WOW64) AppleWebKit/537.36 (KHTML, like Gecko) Chrome/55.0.2883.87 Safari/537.36"
0:0:0:0:0:0:0:1 - - [29/Apr/2018:19:55:08 +0800] "GET /api/email?user_name=sa17225132 HTTP/1.1" 302 - "-" "Mozilla/5.0 (Windows NT 6.3; WOW64) AppleWebKit/537.36 (KHTML, like Gecko) Chrome/55.0.2883.87 Safari/537.36"
0:0:0:0:0:0:0:1 - - [29/Apr/2018:19:55:27 +0800] "OPTIONS /api/token HTTP/1.1" 200 - "http://localhost:8085/" "Mozilla/5.0 (Windows NT 6.3; WOW64) AppleWebKit/537.36 (KHTML, like Gecko) Chrome/55.0.2883.87 Safari/537.36"
0:0:0:0:0:0:0:1 - - [29/Apr/2018:19:55:27 +0800] "POST /api/token HTTP/1.1" 200 - "http://localhost:8085/" "Mozilla/5.0 (Windows NT 6.3; WOW64) AppleWebKit/537.36 (KHTML, like Gecko) Chrome/55.0.2883.87 Safari/537.36"
0:0:0:0:0:0:0:1 - - [29/Apr/2018:19:55:44 +0800] "OPTIONS /api/token HTTP/1.1" 200 - "http://localhost:8085/" "Mozilla/5.0 (Windows NT 6.3; WOW64) AppleWebKit/537.36 (KHTML, like Gecko) Chrome/55.0.2883.87 Safari/537.36"
0:0:0:0:0:0:0:1 - - [29/Apr/2018:19:55:44 +0800] "POST /api/token HTTP/1.1" 200 - "http://localhost:8085/" "Mozilla/5.0 (Windows NT 6.3; WOW64) AppleWebKit/537.36 (KHTML, like Gecko) Chrome/55.0.2883.87 Safari/537.36"
0:0:0:0:0:0:0:1 - - [29/Apr/2018:19:56:58 +0800] "OPTIONS /api/token HTTP/1.1" 200 - "-" "Mozilla/5.0 (Windows NT 6.3; Win64; x64) AppleWebKit/537.36 (KHTML, like Gecko) Chrome/65.0.3325.181 Safari/537.36"
0:0:0:0:0:0:0:1 - - [29/Apr/2018:19:56:58 +0800] "POST /api/token HTTP/1.1" 200 - "http://localhost:8085/" "Mozilla/5.0 (Windows NT 6.3; Win64; x64) AppleWebKit/537.36 (KHTML, like Gecko) Chrome/65.0.3325.181 Safari/537.36"
0:0:0:0:0:0:0:1 - - [29/Apr/2018:19:57:28 +0800] "OPTIONS /api/token HTTP/1.1" 200 - "-" "Mozilla/5.0 (Windows NT 6.3; Win64; x64) AppleWebKit/537.36 (KHTML, like Gecko) Chrome/65.0.3325.181 Safari/537.36"
0:0:0:0:0:0:0:1 - - [29/Apr/2018:19:57:28 +0800] "POST /api/token HTTP/1.1" 200 - "http://localhost:8085/" "Mozilla/5.0 (Windows NT 6.3; Win64; x64) AppleWebKit/537.36 (KHTML, like Gecko) Chrome/65.0.3325.181 Safari/537.36"
0:0:0:0:0:0:0:1 - - [29/Apr/2018:20:00:18 +0800] "OPTIONS /api/token HTTP/1.1" 200 - "http://localhost:8085/" "Mozilla/5.0 (Windows NT 6.3; WOW64) AppleWebKit/537.36 (KHTML, like Gecko) Chrome/55.0.2883.87 Safari/537.36"
0:0:0:0:0:0:0:1 - - [29/Apr/2018:20:00:19 +0800] "POST /api/token HTTP/1.1" 200 289 "http://localhost:8085/" "Mozilla/5.0 (Windows NT 6.3; WOW64) AppleWebKit/537.36 (KHTML, like Gecko) Chrome/55.0.2883.87 Safari/537.36"
0:0:0:0:0:0:0:1 - - [29/Apr/2018:20:00:20 +0800] "OPTIONS /api/file_token HTTP/1.1" 200 - "http://localhost:8085/main" "Mozilla/5.0 (Windows NT 6.3; WOW64) AppleWebKit/537.36 (KHTML, like Gecko) Chrome/55.0.2883.87 Safari/537.36"
0:0:0:0:0:0:0:1 - - [29/Apr/2018:20:00:20 +0800] "GET /api/file_token HTTP/1.1" 200 49 "http://localhost:8085/main" "Mozilla/5.0 (Windows NT 6.3; WOW64) AppleWebKit/537.36 (KHTML, like Gecko) Chrome/55.0.2883.87 Safari/537.36"
0:0:0:0:0:0:0:1 - - [29/Apr/2018:20:00:20 +0800] "OPTIONS /api/userinfo?id=b88947c8a2a041cf86b8953e654eda0f&return_body=false HTTP/1.1" 200 - "http://localhost:8085/main" "Mozilla/5.0 (Windows NT 6.3; WOW64) AppleWebKit/537.36 (KHTML, like Gecko) Chrome/55.0.2883.87 Safari/537.36"
0:0:0:0:0:0:0:1 - - [29/Apr/2018:20:00:20 +0800] "GET /api/userinfo?id=b88947c8a2a041cf86b8953e654eda0f&return_body=false HTTP/1.1" 200 51 "http://localhost:8085/main" "Mozilla/5.0 (Windows NT 6.3; WOW64) AppleWebKit/537.36 (KHTML, like Gecko) Chrome/55.0.2883.87 Safari/537.36"
0:0:0:0:0:0:0:1 - - [29/Apr/2018:20:00:29 +0800] "OPTIONS /api/file_token HTTP/1.1" 200 - "http://localhost:8085/main" "Mozilla/5.0 (Windows NT 6.3; WOW64) AppleWebKit/537.36 (KHTML, like Gecko) Chrome/55.0.2883.87 Safari/537.36"
0:0:0:0:0:0:0:1 - - [29/Apr/2018:20:00:29 +0800] "GET /api/file_token HTTP/1.1" 200 49 "http://localhost:8085/main" "Mozilla/5.0 (Windows NT 6.3; WOW64) AppleWebKit/537.36 (KHTML, like Gecko) Chrome/55.0.2883.87 Safari/537.36"
0:0:0:0:0:0:0:1 - - [29/Apr/2018:20:00:29 +0800] "OPTIONS /api/userinfo?id=b88947c8a2a041cf86b8953e654eda0f&return_body=false HTTP/1.1" 200 - "http://localhost:8085/main" "Mozilla/5.0 (Windows NT 6.3; WOW64) AppleWebKit/537.36 (KHTML, like Gecko) Chrome/55.0.2883.87 Safari/537.36"
0:0:0:0:0:0:0:1 - - [29/Apr/2018:20:00:29 +0800] "GET /api/userinfo?id=b88947c8a2a041cf86b8953e654eda0f&return_body=false HTTP/1.1" 200 51 "http://localhost:8085/main" "Mozilla/5.0 (Windows NT 6.3; WOW64) AppleWebKit/537.36 (KHTML, like Gecko) Chrome/55.0.2883.87 Safari/537.36"
0:0:0:0:0:0:0:1 - - [29/Apr/2018:20:00:41 +0800] "OPTIONS /api/file_token HTTP/1.1" 200 - "http://localhost:8085/main" "Mozilla/5.0 (Windows NT 6.3; WOW64) AppleWebKit/537.36 (KHTML, like Gecko) Chrome/55.0.2883.87 Safari/537.36"
0:0:0:0:0:0:0:1 - - [29/Apr/2018:20:00:42 +0800] "GET /api/file_token HTTP/1.1" 200 49 "http://localhost:8085/main" "Mozilla/5.0 (Windows NT 6.3; WOW64) AppleWebKit/537.36 (KHTML, like Gecko) Chrome/55.0.2883.87 Safari/537.36"
0:0:0:0:0:0:0:1 - - [29/Apr/2018:20:00:42 +0800] "OPTIONS /api/userinfo?id=b88947c8a2a041cf86b8953e654eda0f&return_body=false HTTP/1.1" 200 - "http://localhost:8085/main" "Mozilla/5.0 (Windows NT 6.3; WOW64) AppleWebKit/537.36 (KHTML, like Gecko) Chrome/55.0.2883.87 Safari/537.36"
0:0:0:0:0:0:0:1 - - [29/Apr/2018:20:00:42 +0800] "GET /api/userinfo?id=b88947c8a2a041cf86b8953e654eda0f&return_body=false HTTP/1.1" 200 51 "http://localhost:8085/main" "Mozilla/5.0 (Windows NT 6.3; WOW64) AppleWebKit/537.36 (KHTML, like Gecko) Chrome/55.0.2883.87 Safari/537.36"
0:0:0:0:0:0:0:1 - - [29/Apr/2018:20:00:46 +0800] "GET /api/file_token HTTP/1.1" 200 49 "http://localhost:8085/main" "Mozilla/5.0 (Windows NT 6.3; WOW64) AppleWebKit/537.36 (KHTML, like Gecko) Chrome/55.0.2883.87 Safari/537.36"
0:0:0:0:0:0:0:1 - - [29/Apr/2018:20:00:46 +0800] "GET /api/userinfo?id=b88947c8a2a041cf86b8953e654eda0f&return_body=false HTTP/1.1" 200 51 "http://localhost:8085/main" "Mozilla/5.0 (Windows NT 6.3; WOW64) AppleWebKit/537.36 (KHTML, like Gecko) Chrome/55.0.2883.87 Safari/537.36"
0:0:0:0:0:0:0:1 - - [29/Apr/2018:20:00:51 +0800] "OPTIONS /api/file_token HTTP/1.1" 200 - "http://localhost:8085/edit" "Mozilla/5.0 (Windows NT 6.3; WOW64) AppleWebKit/537.36 (KHTML, like Gecko) Chrome/55.0.2883.87 Safari/537.36"
0:0:0:0:0:0:0:1 - - [29/Apr/2018:20:00:51 +0800] "GET /api/file_token HTTP/1.1" 200 49 "http://localhost:8085/edit" "Mozilla/5.0 (Windows NT 6.3; WOW64) AppleWebKit/537.36 (KHTML, like Gecko) Chrome/55.0.2883.87 Safari/537.36"
0:0:0:0:0:0:0:1 - - [29/Apr/2018:20:00:51 +0800] "OPTIONS /api/userinfo?id=b88947c8a2a041cf86b8953e654eda0f&return_body=true HTTP/1.1" 200 - "http://localhost:8085/edit" "Mozilla/5.0 (Windows NT 6.3; WOW64) AppleWebKit/537.36 (KHTML, like Gecko) Chrome/55.0.2883.87 Safari/537.36"
0:0:0:0:0:0:0:1 - - [29/Apr/2018:20:00:51 +0800] "GET /api/userinfo?id=b88947c8a2a041cf86b8953e654eda0f&return_body=true HTTP/1.1" 200 51 "http://localhost:8085/edit" "Mozilla/5.0 (Windows NT 6.3; WOW64) AppleWebKit/537.36 (KHTML, like Gecko) Chrome/55.0.2883.87 Safari/537.36"
0:0:0:0:0:0:0:1 - - [29/Apr/2018:20:02:14 +0800] "OPTIONS /api/file_token HTTP/1.1" 200 - "http://localhost:8085/main" "Mozilla/5.0 (Windows NT 6.3; WOW64) AppleWebKit/537.36 (KHTML, like Gecko) Chrome/55.0.2883.87 Safari/537.36"
0:0:0:0:0:0:0:1 - - [29/Apr/2018:20:02:14 +0800] "GET /api/file_token HTTP/1.1" 200 49 "http://localhost:8085/main" "Mozilla/5.0 (Windows NT 6.3; WOW64) AppleWebKit/537.36 (KHTML, like Gecko) Chrome/55.0.2883.87 Safari/537.36"
0:0:0:0:0:0:0:1 - - [29/Apr/2018:20:02:14 +0800] "OPTIONS /api/userinfo?id=b88947c8a2a041cf86b8953e654eda0f&return_body=false HTTP/1.1" 200 - "http://localhost:8085/main" "Mozilla/5.0 (Windows NT 6.3; WOW64) AppleWebKit/537.36 (KHTML, like Gecko) Chrome/55.0.2883.87 Safari/537.36"
0:0:0:0:0:0:0:1 - - [29/Apr/2018:20:02:14 +0800] "GET /api/userinfo?id=b88947c8a2a041cf86b8953e654eda0f&return_body=false HTTP/1.1" 200 51 "http://localhost:8085/main" "Mozilla/5.0 (Windows NT 6.3; WOW64) AppleWebKit/537.36 (KHTML, like Gecko) Chrome/55.0.2883.87 Safari/537.36"
0:0:0:0:0:0:0:1 - - [29/Apr/2018:20:02:29 +0800] "OPTIONS /api/file_token HTTP/1.1" 200 - "http://localhost:8085/main" "Mozilla/5.0 (Windows NT 6.3; WOW64) AppleWebKit/537.36 (KHTML, like Gecko) Chrome/55.0.2883.87 Safari/537.36"
0:0:0:0:0:0:0:1 - - [29/Apr/2018:20:02:29 +0800] "GET /api/file_token HTTP/1.1" 200 49 "http://localhost:8085/main" "Mozilla/5.0 (Windows NT 6.3; WOW64) AppleWebKit/537.36 (KHTML, like Gecko) Chrome/55.0.2883.87 Safari/537.36"
0:0:0:0:0:0:0:1 - - [29/Apr/2018:20:02:29 +0800] "OPTIONS /api/userinfo?id=b88947c8a2a041cf86b8953e654eda0f&return_body=false HTTP/1.1" 200 - "http://localhost:8085/main" "Mozilla/5.0 (Windows NT 6.3; WOW64) AppleWebKit/537.36 (KHTML, like Gecko) Chrome/55.0.2883.87 Safari/537.36"
0:0:0:0:0:0:0:1 - - [29/Apr/2018:20:02:29 +0800] "GET /api/userinfo?id=b88947c8a2a041cf86b8953e654eda0f&return_body=false HTTP/1.1" 200 51 "http://localhost:8085/main" "Mozilla/5.0 (Windows NT 6.3; WOW64) AppleWebKit/537.36 (KHTML, like Gecko) Chrome/55.0.2883.87 Safari/537.36"
0:0:0:0:0:0:0:1 - - [29/Apr/2018:20:02:34 +0800] "OPTIONS /api/file_token HTTP/1.1" 200 - "http://localhost:8085/main" "Mozilla/5.0 (Windows NT 6.3; WOW64) AppleWebKit/537.36 (KHTML, like Gecko) Chrome/55.0.2883.87 Safari/537.36"
0:0:0:0:0:0:0:1 - - [29/Apr/2018:20:02:35 +0800] "GET /api/file_token HTTP/1.1" 200 49 "http://localhost:8085/main" "Mozilla/5.0 (Windows NT 6.3; WOW64) AppleWebKit/537.36 (KHTML, like Gecko) Chrome/55.0.2883.87 Safari/537.36"
0:0:0:0:0:0:0:1 - - [29/Apr/2018:20:02:35 +0800] "OPTIONS /api/userinfo?id=b88947c8a2a041cf86b8953e654eda0f&return_body=false HTTP/1.1" 200 - "http://localhost:8085/main" "Mozilla/5.0 (Windows NT 6.3; WOW64) AppleWebKit/537.36 (KHTML, like Gecko) Chrome/55.0.2883.87 Safari/537.36"
0:0:0:0:0:0:0:1 - - [29/Apr/2018:20:02:35 +0800] "GET /api/userinfo?id=b88947c8a2a041cf86b8953e654eda0f&return_body=false HTTP/1.1" 200 51 "http://localhost:8085/main" "Mozilla/5.0 (Windows NT 6.3; WOW64) AppleWebKit/537.36 (KHTML, like Gecko) Chrome/55.0.2883.87 Safari/537.36"
0:0:0:0:0:0:0:1 - - [29/Apr/2018:20:03:14 +0800] "OPTIONS /api/file_token HTTP/1.1" 200 - "http://localhost:8085/main" "Mozilla/5.0 (Windows NT 6.3; WOW64) AppleWebKit/537.36 (KHTML, like Gecko) Chrome/55.0.2883.87 Safari/537.36"
0:0:0:0:0:0:0:1 - - [29/Apr/2018:20:03:14 +0800] "GET /api/file_token HTTP/1.1" 200 49 "http://localhost:8085/main" "Mozilla/5.0 (Windows NT 6.3; WOW64) AppleWebKit/537.36 (KHTML, like Gecko) Chrome/55.0.2883.87 Safari/537.36"
0:0:0:0:0:0:0:1 - - [29/Apr/2018:20:03:14 +0800] "OPTIONS /api/userinfo?id=b88947c8a2a041cf86b8953e654eda0f&return_body=false HTTP/1.1" 200 - "http://localhost:8085/main" "Mozilla/5.0 (Windows NT 6.3; WOW64) AppleWebKit/537.36 (KHTML, like Gecko) Chrome/55.0.2883.87 Safari/537.36"
0:0:0:0:0:0:0:1 - - [29/Apr/2018:20:03:14 +0800] "GET /api/userinfo?id=b88947c8a2a041cf86b8953e654eda0f&return_body=false HTTP/1.1" 200 51 "http://localhost:8085/main" "Mozilla/5.0 (Windows NT 6.3; WOW64) AppleWebKit/537.36 (KHTML, like Gecko) Chrome/55.0.2883.87 Safari/537.36"
0:0:0:0:0:0:0:1 - - [29/Apr/2018:20:05:38 +0800] "OPTIONS /api/file_token HTTP/1.1" 200 - "http://localhost:8085/main" "Mozilla/5.0 (Windows NT 6.3; WOW64) AppleWebKit/537.36 (KHTML, like Gecko) Chrome/55.0.2883.87 Safari/537.36"
0:0:0:0:0:0:0:1 - - [29/Apr/2018:20:05:38 +0800] "GET /api/file_token HTTP/1.1" 200 49 "http://localhost:8085/main" "Mozilla/5.0 (Windows NT 6.3; WOW64) AppleWebKit/537.36 (KHTML, like Gecko) Chrome/55.0.2883.87 Safari/537.36"
0:0:0:0:0:0:0:1 - - [29/Apr/2018:20:05:38 +0800] "OPTIONS /api/userinfo?id=b88947c8a2a041cf86b8953e654eda0f&return_body=false HTTP/1.1" 200 - "http://localhost:8085/main" "Mozilla/5.0 (Windows NT 6.3; WOW64) AppleWebKit/537.36 (KHTML, like Gecko) Chrome/55.0.2883.87 Safari/537.36"
0:0:0:0:0:0:0:1 - - [29/Apr/2018:20:05:38 +0800] "GET /api/userinfo?id=b88947c8a2a041cf86b8953e654eda0f&return_body=false HTTP/1.1" 200 51 "http://localhost:8085/main" "Mozilla/5.0 (Windows NT 6.3; WOW64) AppleWebKit/537.36 (KHTML, like Gecko) Chrome/55.0.2883.87 Safari/537.36"
0:0:0:0:0:0:0:1 - - [29/Apr/2018:20:15:18 +0800] "OPTIONS /api/token HTTP/1.1" 200 - "-" "Mozilla/5.0 (Windows NT 6.3; Win64; x64) AppleWebKit/537.36 (KHTML, like Gecko) Chrome/65.0.3325.181 Safari/537.36"
0:0:0:0:0:0:0:1 - - [29/Apr/2018:20:15:18 +0800] "POST /api/token HTTP/1.1" 200 289 "http://localhost:8085/" "Mozilla/5.0 (Windows NT 6.3; Win64; x64) AppleWebKit/537.36 (KHTML, like Gecko) Chrome/65.0.3325.181 Safari/537.36"
0:0:0:0:0:0:0:1 - - [29/Apr/2018:20:15:19 +0800] "OPTIONS /api/file_token HTTP/1.1" 200 - "-" "Mozilla/5.0 (Windows NT 6.3; Win64; x64) AppleWebKit/537.36 (KHTML, like Gecko) Chrome/65.0.3325.181 Safari/537.36"
0:0:0:0:0:0:0:1 - - [29/Apr/2018:20:15:19 +0800] "GET /api/file_token HTTP/1.1" 200 49 "http://localhost:8085/main" "Mozilla/5.0 (Windows NT 6.3; Win64; x64) AppleWebKit/537.36 (KHTML, like Gecko) Chrome/65.0.3325.181 Safari/537.36"
0:0:0:0:0:0:0:1 - - [29/Apr/2018:20:15:19 +0800] "OPTIONS /api/userinfo?id=126b3e597d294e22a3343819309231c1&return_body=false HTTP/1.1" 200 - "-" "Mozilla/5.0 (Windows NT 6.3; Win64; x64) AppleWebKit/537.36 (KHTML, like Gecko) Chrome/65.0.3325.181 Safari/537.36"
0:0:0:0:0:0:0:1 - - [29/Apr/2018:20:15:19 +0800] "GET /api/userinfo?id=126b3e597d294e22a3343819309231c1&return_body=false HTTP/1.1" 200 51 "http://localhost:8085/main" "Mozilla/5.0 (Windows NT 6.3; Win64; x64) AppleWebKit/537.36 (KHTML, like Gecko) Chrome/65.0.3325.181 Safari/537.36"
0:0:0:0:0:0:0:1 - - [29/Apr/2018:20:30:43 +0800] "OPTIONS /api/file_token HTTP/1.1" 200 - "-" "Mozilla/5.0 (Windows NT 6.3; Win64; x64) AppleWebKit/537.36 (KHTML, like Gecko) Chrome/65.0.3325.181 Safari/537.36"
0:0:0:0:0:0:0:1 - - [29/Apr/2018:20:30:43 +0800] "GET /api/file_token HTTP/1.1" 200 49 "http://localhost:8085/main" "Mozilla/5.0 (Windows NT 6.3; Win64; x64) AppleWebKit/537.36 (KHTML, like Gecko) Chrome/65.0.3325.181 Safari/537.36"
0:0:0:0:0:0:0:1 - - [29/Apr/2018:20:30:43 +0800] "OPTIONS /api/userinfo?id=126b3e597d294e22a3343819309231c1&return_body=false HTTP/1.1" 200 - "-" "Mozilla/5.0 (Windows NT 6.3; Win64; x64) AppleWebKit/537.36 (KHTML, like Gecko) Chrome/65.0.3325.181 Safari/537.36"
0:0:0:0:0:0:0:1 - - [29/Apr/2018:20:30:43 +0800] "GET /api/userinfo?id=126b3e597d294e22a3343819309231c1&return_body=false HTTP/1.1" 200 51 "http://localhost:8085/main" "Mozilla/5.0 (Windows NT 6.3; Win64; x64) AppleWebKit/537.36 (KHTML, like Gecko) Chrome/65.0.3325.181 Safari/537.36"
0:0:0:0:0:0:0:1 - - [29/Apr/2018:20:30:49 +0800] "OPTIONS /api/file_token HTTP/1.1" 200 - "-" "Mozilla/5.0 (Windows NT 6.3; Win64; x64) AppleWebKit/537.36 (KHTML, like Gecko) Chrome/65.0.3325.181 Safari/537.36"
0:0:0:0:0:0:0:1 - - [29/Apr/2018:20:30:49 +0800] "GET /api/file_token HTTP/1.1" 200 49 "http://localhost:8085/main" "Mozilla/5.0 (Windows NT 6.3; Win64; x64) AppleWebKit/537.36 (KHTML, like Gecko) Chrome/65.0.3325.181 Safari/537.36"
0:0:0:0:0:0:0:1 - - [29/Apr/2018:20:30:49 +0800] "OPTIONS /api/userinfo?id=126b3e597d294e22a3343819309231c1&return_body=false HTTP/1.1" 200 - "-" "Mozilla/5.0 (Windows NT 6.3; Win64; x64) AppleWebKit/537.36 (KHTML, like Gecko) Chrome/65.0.3325.181 Safari/537.36"
0:0:0:0:0:0:0:1 - - [29/Apr/2018:20:30:49 +0800] "GET /api/userinfo?id=126b3e597d294e22a3343819309231c1&return_body=false HTTP/1.1" 200 51 "http://localhost:8085/main" "Mozilla/5.0 (Windows NT 6.3; Win64; x64) AppleWebKit/537.36 (KHTML, like Gecko) Chrome/65.0.3325.181 Safari/537.36"
0:0:0:0:0:0:0:1 - - [29/Apr/2018:20:32:12 +0800] "OPTIONS /api/file_token HTTP/1.1" 200 - "http://localhost:8085/main" "Mozilla/5.0 (Windows NT 6.3; WOW64) AppleWebKit/537.36 (KHTML, like Gecko) Chrome/55.0.2883.87 Safari/537.36"
0:0:0:0:0:0:0:1 - - [29/Apr/2018:20:32:12 +0800] "GET /api/file_token HTTP/1.1" 200 49 "http://localhost:8085/main" "Mozilla/5.0 (Windows NT 6.3; WOW64) AppleWebKit/537.36 (KHTML, like Gecko) Chrome/55.0.2883.87 Safari/537.36"
0:0:0:0:0:0:0:1 - - [29/Apr/2018:20:32:12 +0800] "OPTIONS /api/userinfo?id=b88947c8a2a041cf86b8953e654eda0f&return_body=false HTTP/1.1" 200 - "http://localhost:8085/main" "Mozilla/5.0 (Windows NT 6.3; WOW64) AppleWebKit/537.36 (KHTML, like Gecko) Chrome/55.0.2883.87 Safari/537.36"
0:0:0:0:0:0:0:1 - - [29/Apr/2018:20:32:12 +0800] "GET /api/userinfo?id=b88947c8a2a041cf86b8953e654eda0f&return_body=false HTTP/1.1" 200 51 "http://localhost:8085/main" "Mozilla/5.0 (Windows NT 6.3; WOW64) AppleWebKit/537.36 (KHTML, like Gecko) Chrome/55.0.2883.87 Safari/537.36"
0:0:0:0:0:0:0:1 - - [29/Apr/2018:21:50:24 +0800] "OPTIONS /api/file_token HTTP/1.1" 200 - "-" "Mozilla/5.0 (Windows NT 6.3; Win64; x64) AppleWebKit/537.36 (KHTML, like Gecko) Chrome/65.0.3325.181 Safari/537.36"
0:0:0:0:0:0:0:1 - - [29/Apr/2018:21:50:24 +0800] "GET /api/file_token HTTP/1.1" 200 49 "http://localhost:8085/main" "Mozilla/5.0 (Windows NT 6.3; Win64; x64) AppleWebKit/537.36 (KHTML, like Gecko) Chrome/65.0.3325.181 Safari/537.36"
0:0:0:0:0:0:0:1 - - [29/Apr/2018:21:50:24 +0800] "OPTIONS /api/userinfo?id=126b3e597d294e22a3343819309231c1&return_body=false HTTP/1.1" 200 - "-" "Mozilla/5.0 (Windows NT 6.3; Win64; x64) AppleWebKit/537.36 (KHTML, like Gecko) Chrome/65.0.3325.181 Safari/537.36"
0:0:0:0:0:0:0:1 - - [29/Apr/2018:21:50:25 +0800] "GET /api/userinfo?id=126b3e597d294e22a3343819309231c1&return_body=false HTTP/1.1" 200 51 "http://localhost:8085/main" "Mozilla/5.0 (Windows NT 6.3; Win64; x64) AppleWebKit/537.36 (KHTML, like Gecko) Chrome/65.0.3325.181 Safari/537.36"
0:0:0:0:0:0:0:1 - - [29/Apr/2018:21:53:20 +0800] "OPTIONS /api/file_token HTTP/1.1" 200 - "-" "Mozilla/5.0 (Windows NT 6.3; Win64; x64) AppleWebKit/537.36 (KHTML, like Gecko) Chrome/65.0.3325.181 Safari/537.36"
0:0:0:0:0:0:0:1 - - [29/Apr/2018:21:53:20 +0800] "GET /api/file_token HTTP/1.1" 200 49 "http://localhost:8085/main" "Mozilla/5.0 (Windows NT 6.3; Win64; x64) AppleWebKit/537.36 (KHTML, like Gecko) Chrome/65.0.3325.181 Safari/537.36"
0:0:0:0:0:0:0:1 - - [29/Apr/2018:21:53:20 +0800] "OPTIONS /api/userinfo?id=126b3e597d294e22a3343819309231c1&return_body=false HTTP/1.1" 200 - "-" "Mozilla/5.0 (Windows NT 6.3; Win64; x64) AppleWebKit/537.36 (KHTML, like Gecko) Chrome/65.0.3325.181 Safari/537.36"
0:0:0:0:0:0:0:1 - - [29/Apr/2018:21:53:20 +0800] "GET /api/userinfo?id=126b3e597d294e22a3343819309231c1&return_body=false HTTP/1.1" 200 51 "http://localhost:8085/main" "Mozilla/5.0 (Windows NT 6.3; Win64; x64) AppleWebKit/537.36 (KHTML, like Gecko) Chrome/65.0.3325.181 Safari/537.36"
0:0:0:0:0:0:0:1 - - [29/Apr/2018:22:41:55 +0800] "OPTIONS /api/token HTTP/1.1" 200 - "-" "Mozilla/5.0 (Windows NT 6.3; Win64; x64) AppleWebKit/537.36 (KHTML, like Gecko) Chrome/65.0.3325.181 Safari/537.36"
0:0:0:0:0:0:0:1 - - [29/Apr/2018:22:41:55 +0800] "POST /api/token HTTP/1.1" 200 289 "http://localhost:8085/" "Mozilla/5.0 (Windows NT 6.3; Win64; x64) AppleWebKit/537.36 (KHTML, like Gecko) Chrome/65.0.3325.181 Safari/537.36"
0:0:0:0:0:0:0:1 - - [29/Apr/2018:22:41:56 +0800] "OPTIONS /api/file_token HTTP/1.1" 200 - "-" "Mozilla/5.0 (Windows NT 6.3; Win64; x64) AppleWebKit/537.36 (KHTML, like Gecko) Chrome/65.0.3325.181 Safari/537.36"
0:0:0:0:0:0:0:1 - - [29/Apr/2018:22:41:56 +0800] "GET /api/file_token HTTP/1.1" 200 49 "http://localhost:8085/main" "Mozilla/5.0 (Windows NT 6.3; Win64; x64) AppleWebKit/537.36 (KHTML, like Gecko) Chrome/65.0.3325.181 Safari/537.36"
0:0:0:0:0:0:0:1 - - [29/Apr/2018:22:41:56 +0800] "OPTIONS /api/userinfo?id=126b3e597d294e22a3343819309231c1&return_body=false HTTP/1.1" 200 - "-" "Mozilla/5.0 (Windows NT 6.3; Win64; x64) AppleWebKit/537.36 (KHTML, like Gecko) Chrome/65.0.3325.181 Safari/537.36"
0:0:0:0:0:0:0:1 - - [29/Apr/2018:22:41:56 +0800] "GET /api/userinfo?id=126b3e597d294e22a3343819309231c1&return_body=false HTTP/1.1" 200 51 "http://localhost:8085/main" "Mozilla/5.0 (Windows NT 6.3; Win64; x64) AppleWebKit/537.36 (KHTML, like Gecko) Chrome/65.0.3325.181 Safari/537.36"
0:0:0:0:0:0:0:1 - - [29/Apr/2018:22:42:01 +0800] "GET /api/file_token HTTP/1.1" 200 49 "http://localhost:8085/main" "Mozilla/5.0 (Windows NT 6.3; Win64; x64) AppleWebKit/537.36 (KHTML, like Gecko) Chrome/65.0.3325.181 Safari/537.36"
0:0:0:0:0:0:0:1 - - [29/Apr/2018:22:42:01 +0800] "GET /api/userinfo?id=126b3e597d294e22a3343819309231c1&return_body=false HTTP/1.1" 200 51 "http://localhost:8085/main" "Mozilla/5.0 (Windows NT 6.3; Win64; x64) AppleWebKit/537.36 (KHTML, like Gecko) Chrome/65.0.3325.181 Safari/537.36"
0:0:0:0:0:0:0:1 - - [29/Apr/2018:22:42:06 +0800] "OPTIONS /api/file_token HTTP/1.1" 200 - "-" "Mozilla/5.0 (Windows NT 6.3; Win64; x64) AppleWebKit/537.36 (KHTML, like Gecko) Chrome/65.0.3325.181 Safari/537.36"
0:0:0:0:0:0:0:1 - - [29/Apr/2018:22:42:07 +0800] "GET /api/file_token HTTP/1.1" 200 49 "http://localhost:8085/edit" "Mozilla/5.0 (Windows NT 6.3; Win64; x64) AppleWebKit/537.36 (KHTML, like Gecko) Chrome/65.0.3325.181 Safari/537.36"
0:0:0:0:0:0:0:1 - - [29/Apr/2018:22:42:07 +0800] "OPTIONS /api/userinfo?id=126b3e597d294e22a3343819309231c1&return_body=true HTTP/1.1" 200 - "-" "Mozilla/5.0 (Windows NT 6.3; Win64; x64) AppleWebKit/537.36 (KHTML, like Gecko) Chrome/65.0.3325.181 Safari/537.36"
0:0:0:0:0:0:0:1 - - [29/Apr/2018:22:42:07 +0800] "GET /api/userinfo?id=126b3e597d294e22a3343819309231c1&return_body=true HTTP/1.1" 200 51 "http://localhost:8085/edit" "Mozilla/5.0 (Windows NT 6.3; Win64; x64) AppleWebKit/537.36 (KHTML, like Gecko) Chrome/65.0.3325.181 Safari/537.36"
0:0:0:0:0:0:0:1 - - [29/Apr/2018:22:43:46 +0800] "OPTIONS /api/userinfo HTTP/1.1" 200 - "-" "Mozilla/5.0 (Windows NT 6.3; Win64; x64) AppleWebKit/537.36 (KHTML, like Gecko) Chrome/65.0.3325.181 Safari/537.36"
0:0:0:0:0:0:0:1 - - [29/Apr/2018:22:43:46 +0800] "POST /api/userinfo HTTP/1.1" 200 56 "http://localhost:8085/edit" "Mozilla/5.0 (Windows NT 6.3; Win64; x64) AppleWebKit/537.36 (KHTML, like Gecko) Chrome/65.0.3325.181 Safari/537.36"
0:0:0:0:0:0:0:1 - - [29/Apr/2018:22:50:20 +0800] "OPTIONS /api/file_token HTTP/1.1" 200 - "-" "Mozilla/5.0 (Windows NT 6.3; Win64; x64) AppleWebKit/537.36 (KHTML, like Gecko) Chrome/65.0.3325.181 Safari/537.36"
0:0:0:0:0:0:0:1 - - [29/Apr/2018:22:50:20 +0800] "GET /api/file_token HTTP/1.1" 200 49 "http://localhost:8085/main" "Mozilla/5.0 (Windows NT 6.3; Win64; x64) AppleWebKit/537.36 (KHTML, like Gecko) Chrome/65.0.3325.181 Safari/537.36"
0:0:0:0:0:0:0:1 - - [29/Apr/2018:22:50:21 +0800] "OPTIONS /api/userinfo?id=126b3e597d294e22a3343819309231c1&return_body=false HTTP/1.1" 200 - "-" "Mozilla/5.0 (Windows NT 6.3; Win64; x64) AppleWebKit/537.36 (KHTML, like Gecko) Chrome/65.0.3325.181 Safari/537.36"
0:0:0:0:0:0:0:1 - - [29/Apr/2018:22:50:21 +0800] "GET /api/userinfo?id=126b3e597d294e22a3343819309231c1&return_body=false HTTP/1.1" 200 40 "http://localhost:8085/main" "Mozilla/5.0 (Windows NT 6.3; Win64; x64) AppleWebKit/537.36 (KHTML, like Gecko) Chrome/65.0.3325.181 Safari/537.36"
