0:0:0:0:0:0:0:1 - - [01/May/2018:16:18:07 +0800] "OPTIONS /api/token HTTP/1.1" 200 - "http://localhost:8085/" "Mozilla/5.0 (Windows NT 6.3; WOW64) AppleWebKit/537.36 (KHTML, like Gecko) Chrome/55.0.2883.87 Safari/537.36"
0:0:0:0:0:0:0:1 - - [01/May/2018:16:18:08 +0800] "POST /api/token HTTP/1.1" 200 289 "http://localhost:8085/" "Mozilla/5.0 (Windows NT 6.3; WOW64) AppleWebKit/537.36 (KHTML, like Gecko) Chrome/55.0.2883.87 Safari/537.36"
0:0:0:0:0:0:0:1 - - [01/May/2018:16:18:09 +0800] "OPTIONS /api/file_token HTTP/1.1" 200 - "http://localhost:8085/main" "Mozilla/5.0 (Windows NT 6.3; WOW64) AppleWebKit/537.36 (KHTML, like Gecko) Chrome/55.0.2883.87 Safari/537.36"
0:0:0:0:0:0:0:1 - - [01/May/2018:16:18:11 +0800] "GET /api/file_token HTTP/1.1" 200 670 "http://localhost:8085/main" "Mozilla/5.0 (Windows NT 6.3; WOW64) AppleWebKit/537.36 (KHTML, like Gecko) Chrome/55.0.2883.87 Safari/537.36"
0:0:0:0:0:0:0:1 - - [01/May/2018:16:18:11 +0800] "OPTIONS /api/userinfo?id=126b3e597d294e22a3343819309231c1&return_body=false HTTP/1.1" 200 - "http://localhost:8085/main" "Mozilla/5.0 (Windows NT 6.3; WOW64) AppleWebKit/537.36 (KHTML, like Gecko) Chrome/55.0.2883.87 Safari/537.36"
0:0:0:0:0:0:0:1 - - [01/May/2018:16:18:11 +0800] "GET /api/userinfo?id=126b3e597d294e22a3343819309231c1&return_body=false HTTP/1.1" 200 40 "http://localhost:8085/main" "Mozilla/5.0 (Windows NT 6.3; WOW64) AppleWebKit/537.36 (KHTML, like Gecko) Chrome/55.0.2883.87 Safari/537.36"
0:0:0:0:0:0:0:1 - - [01/May/2018:16:18:19 +0800] "OPTIONS /api/file_token HTTP/1.1" 200 - "http://localhost:8085/edit" "Mozilla/5.0 (Windows NT 6.3; WOW64) AppleWebKit/537.36 (KHTML, like Gecko) Chrome/55.0.2883.87 Safari/537.36"
0:0:0:0:0:0:0:1 - - [01/May/2018:16:18:19 +0800] "GET /api/file_token HTTP/1.1" 200 670 "http://localhost:8085/edit" "Mozilla/5.0 (Windows NT 6.3; WOW64) AppleWebKit/537.36 (KHTML, like Gecko) Chrome/55.0.2883.87 Safari/537.36"
0:0:0:0:0:0:0:1 - - [01/May/2018:16:18:19 +0800] "OPTIONS /api/userinfo?id=126b3e597d294e22a3343819309231c1&return_body=true HTTP/1.1" 200 - "http://localhost:8085/edit" "Mozilla/5.0 (Windows NT 6.3; WOW64) AppleWebKit/537.36 (KHTML, like Gecko) Chrome/55.0.2883.87 Safari/537.36"
0:0:0:0:0:0:0:1 - - [01/May/2018:16:18:19 +0800] "GET /api/userinfo?id=126b3e597d294e22a3343819309231c1&return_body=true HTTP/1.1" 200 304 "http://localhost:8085/edit" "Mozilla/5.0 (Windows NT 6.3; WOW64) AppleWebKit/537.36 (KHTML, like Gecko) Chrome/55.0.2883.87 Safari/537.36"
0:0:0:0:0:0:0:1 - - [01/May/2018:16:49:32 +0800] "OPTIONS /api/token HTTP/1.1" 200 - "-" "Mozilla/5.0 (Windows NT 6.3; Win64; x64) AppleWebKit/537.36 (KHTML, like Gecko) Chrome/65.0.3325.181 Safari/537.36"
0:0:0:0:0:0:0:1 - - [01/May/2018:16:49:33 +0800] "POST /api/token HTTP/1.1" 200 289 "http://localhost:8085/" "Mozilla/5.0 (Windows NT 6.3; Win64; x64) AppleWebKit/537.36 (KHTML, like Gecko) Chrome/65.0.3325.181 Safari/537.36"
0:0:0:0:0:0:0:1 - - [01/May/2018:16:49:34 +0800] "OPTIONS /api/file_token HTTP/1.1" 200 - "-" "Mozilla/5.0 (Windows NT 6.3; Win64; x64) AppleWebKit/537.36 (KHTML, like Gecko) Chrome/65.0.3325.181 Safari/537.36"
0:0:0:0:0:0:0:1 - - [01/May/2018:16:49:36 +0800] "GET /api/file_token HTTP/1.1" 200 670 "http://localhost:8085/main" "Mozilla/5.0 (Windows NT 6.3; Win64; x64) AppleWebKit/537.36 (KHTML, like Gecko) Chrome/65.0.3325.181 Safari/537.36"
0:0:0:0:0:0:0:1 - - [01/May/2018:16:49:36 +0800] "OPTIONS /api/userinfo?id=126b3e597d294e22a3343819309231c1&return_body=false HTTP/1.1" 200 - "-" "Mozilla/5.0 (Windows NT 6.3; Win64; x64) AppleWebKit/537.36 (KHTML, like Gecko) Chrome/65.0.3325.181 Safari/537.36"
0:0:0:0:0:0:0:1 - - [01/May/2018:16:49:36 +0800] "GET /api/userinfo?id=126b3e597d294e22a3343819309231c1&return_body=false HTTP/1.1" 200 40 "http://localhost:8085/main" "Mozilla/5.0 (Windows NT 6.3; Win64; x64) AppleWebKit/537.36 (KHTML, like Gecko) Chrome/65.0.3325.181 Safari/537.36"
0:0:0:0:0:0:0:1 - - [01/May/2018:17:38:42 +0800] "POST /api/forum/publishPost?content=%3Cp%3E%E5%89%8D%E5%90%8E%E7%AB%AF%E5%88%86%E7%A6%BB%E7%9A%84%E4%B8%BB%E9%A2%98%3C%2Fp%3E&title=%E8%BF%99%E6%98%AF%E4%B8%BB%E9%A2%98 HTTP/1.1" 500 194 "http://localhost:8085/publish" "Mozilla/5.0 (Windows NT 6.3; Win64; x64) AppleWebKit/537.36 (KHTML, like Gecko) Chrome/65.0.3325.181 Safari/537.36"
0:0:0:0:0:0:0:1 - - [01/May/2018:21:49:52 +0800] "POST /api/forum/publishPost?content=%3Cp%3E%E5%89%8D%E5%90%8E%E7%AB%AF%E5%88%86%E7%A6%BB%E7%9A%84%E4%B8%BB%E9%A2%98%3C%2Fp%3E&title=%E8%BF%99%E6%98%AF%E4%B8%BB%E9%A2%98 HTTP/1.1" 500 194 "http://localhost:8085/publish" "Mozilla/5.0 (Windows NT 6.3; Win64; x64) AppleWebKit/537.36 (KHTML, like Gecko) Chrome/65.0.3325.181 Safari/537.36"
0:0:0:0:0:0:0:1 - - [01/May/2018:22:12:20 +0800] "OPTIONS /api/token HTTP/1.1" 200 - "-" "Mozilla/5.0 (Windows NT 6.3; Win64; x64) AppleWebKit/537.36 (KHTML, like Gecko) Chrome/65.0.3325.181 Safari/537.36"
0:0:0:0:0:0:0:1 - - [01/May/2018:22:12:21 +0800] "POST /api/token HTTP/1.1" 200 289 "http://localhost:8085/" "Mozilla/5.0 (Windows NT 6.3; Win64; x64) AppleWebKit/537.36 (KHTML, like Gecko) Chrome/65.0.3325.181 Safari/537.36"
0:0:0:0:0:0:0:1 - - [01/May/2018:22:12:22 +0800] "OPTIONS /api/file_token HTTP/1.1" 200 - "-" "Mozilla/5.0 (Windows NT 6.3; Win64; x64) AppleWebKit/537.36 (KHTML, like Gecko) Chrome/65.0.3325.181 Safari/537.36"
0:0:0:0:0:0:0:1 - - [01/May/2018:22:12:25 +0800] "GET /api/file_token HTTP/1.1" 200 670 "http://localhost:8085/main" "Mozilla/5.0 (Windows NT 6.3; Win64; x64) AppleWebKit/537.36 (KHTML, like Gecko) Chrome/65.0.3325.181 Safari/537.36"
0:0:0:0:0:0:0:1 - - [01/May/2018:22:12:25 +0800] "OPTIONS /api/userinfo?id=126b3e597d294e22a3343819309231c1&return_body=false HTTP/1.1" 200 - "-" "Mozilla/5.0 (Windows NT 6.3; Win64; x64) AppleWebKit/537.36 (KHTML, like Gecko) Chrome/65.0.3325.181 Safari/537.36"
0:0:0:0:0:0:0:1 - - [01/May/2018:22:12:25 +0800] "GET /api/userinfo?id=126b3e597d294e22a3343819309231c1&return_body=false HTTP/1.1" 200 40 "http://localhost:8085/main" "Mozilla/5.0 (Windows NT 6.3; Win64; x64) AppleWebKit/537.36 (KHTML, like Gecko) Chrome/65.0.3325.181 Safari/537.36"
0:0:0:0:0:0:0:1 - - [01/May/2018:22:12:40 +0800] "POST /api/forum/api/forum/publishPost?content=%3Cp%3Enishi+%E5%A5%BD%E4%BA%BA%3C%2Fp%3E&title=nisahis+&uid=126b3e597d294e22a3343819309231c1 HTTP/1.1" 404 124 "http://localhost:8085/publish" "Mozilla/5.0 (Windows NT 6.3; Win64; x64) AppleWebKit/537.36 (KHTML, like Gecko) Chrome/65.0.3325.181 Safari/537.36"
