0:0:0:0:0:0:0:1 - - [30/Apr/2018:11:05:01 +0800] "OPTIONS /api/token HTTP/1.1" 200 - "http://localhost:8085/" "Mozilla/5.0 (Windows NT 6.3; WOW64) AppleWebKit/537.36 (KHTML, like Gecko) Chrome/55.0.2883.87 Safari/537.36"
0:0:0:0:0:0:0:1 - - [30/Apr/2018:11:05:02 +0800] "POST /api/token HTTP/1.1" 200 289 "http://localhost:8085/" "Mozilla/5.0 (Windows NT 6.3; WOW64) AppleWebKit/537.36 (KHTML, like Gecko) Chrome/55.0.2883.87 Safari/537.36"
0:0:0:0:0:0:0:1 - - [30/Apr/2018:11:05:03 +0800] "OPTIONS /api/file_token HTTP/1.1" 200 - "http://localhost:8085/main" "Mozilla/5.0 (Windows NT 6.3; WOW64) AppleWebKit/537.36 (KHTML, like Gecko) Chrome/55.0.2883.87 Safari/537.36"
0:0:0:0:0:0:0:1 - - [30/Apr/2018:11:05:04 +0800] "GET /api/file_token HTTP/1.1" 200 49 "http://localhost:8085/main" "Mozilla/5.0 (Windows NT 6.3; WOW64) AppleWebKit/537.36 (KHTML, like Gecko) Chrome/55.0.2883.87 Safari/537.36"
0:0:0:0:0:0:0:1 - - [30/Apr/2018:11:05:04 +0800] "OPTIONS /api/userinfo?id=126b3e597d294e22a3343819309231c1&return_body=false HTTP/1.1" 200 - "http://localhost:8085/main" "Mozilla/5.0 (Windows NT 6.3; WOW64) AppleWebKit/537.36 (KHTML, like Gecko) Chrome/55.0.2883.87 Safari/537.36"
0:0:0:0:0:0:0:1 - - [30/Apr/2018:11:05:04 +0800] "GET /api/userinfo?id=126b3e597d294e22a3343819309231c1&return_body=false HTTP/1.1" 200 40 "http://localhost:8085/main" "Mozilla/5.0 (Windows NT 6.3; WOW64) AppleWebKit/537.36 (KHTML, like Gecko) Chrome/55.0.2883.87 Safari/537.36"
0:0:0:0:0:0:0:1 - - [30/Apr/2018:11:21:17 +0800] "OPTIONS /api/token HTTP/1.1" 200 - "-" "Mozilla/5.0 (Windows NT 6.3; Win64; x64) AppleWebKit/537.36 (KHTML, like Gecko) Chrome/65.0.3325.181 Safari/537.36"
0:0:0:0:0:0:0:1 - - [30/Apr/2018:11:21:17 +0800] "POST /api/token HTTP/1.1" 200 289 "http://localhost:8085/" "Mozilla/5.0 (Windows NT 6.3; Win64; x64) AppleWebKit/537.36 (KHTML, like Gecko) Chrome/65.0.3325.181 Safari/537.36"
0:0:0:0:0:0:0:1 - - [30/Apr/2018:11:21:18 +0800] "OPTIONS /api/file_token HTTP/1.1" 200 - "-" "Mozilla/5.0 (Windows NT 6.3; Win64; x64) AppleWebKit/537.36 (KHTML, like Gecko) Chrome/65.0.3325.181 Safari/537.36"
0:0:0:0:0:0:0:1 - - [30/Apr/2018:11:21:18 +0800] "GET /api/file_token HTTP/1.1" 200 49 "http://localhost:8085/main" "Mozilla/5.0 (Windows NT 6.3; Win64; x64) AppleWebKit/537.36 (KHTML, like Gecko) Chrome/65.0.3325.181 Safari/537.36"
0:0:0:0:0:0:0:1 - - [30/Apr/2018:11:21:18 +0800] "OPTIONS /api/userinfo?id=126b3e597d294e22a3343819309231c1&return_body=false HTTP/1.1" 200 - "-" "Mozilla/5.0 (Windows NT 6.3; Win64; x64) AppleWebKit/537.36 (KHTML, like Gecko) Chrome/65.0.3325.181 Safari/537.36"
0:0:0:0:0:0:0:1 - - [30/Apr/2018:11:21:18 +0800] "GET /api/userinfo?id=126b3e597d294e22a3343819309231c1&return_body=false HTTP/1.1" 200 40 "http://localhost:8085/main" "Mozilla/5.0 (Windows NT 6.3; Win64; x64) AppleWebKit/537.36 (KHTML, like Gecko) Chrome/65.0.3325.181 Safari/537.36"
0:0:0:0:0:0:0:1 - - [30/Apr/2018:13:24:35 +0800] "OPTIONS /api/file_token HTTP/1.1" 200 - "-" "Mozilla/5.0 (Windows NT 6.3; Win64; x64) AppleWebKit/537.36 (KHTML, like Gecko) Chrome/65.0.3325.181 Safari/537.36"
0:0:0:0:0:0:0:1 - - [30/Apr/2018:13:24:35 +0800] "GET /api/file_token HTTP/1.1" 200 42 "http://localhost:8085/main" "Mozilla/5.0 (Windows NT 6.3; Win64; x64) AppleWebKit/537.36 (KHTML, like Gecko) Chrome/65.0.3325.181 Safari/537.36"
0:0:0:0:0:0:0:1 - - [30/Apr/2018:13:24:35 +0800] "OPTIONS /api/userinfo?id=126b3e597d294e22a3343819309231c1&return_body=false HTTP/1.1" 200 - "-" "Mozilla/5.0 (Windows NT 6.3; Win64; x64) AppleWebKit/537.36 (KHTML, like Gecko) Chrome/65.0.3325.181 Safari/537.36"
0:0:0:0:0:0:0:1 - - [30/Apr/2018:13:24:35 +0800] "GET /api/userinfo?id=126b3e597d294e22a3343819309231c1&return_body=false HTTP/1.1" 200 42 "http://localhost:8085/main" "Mozilla/5.0 (Windows NT 6.3; Win64; x64) AppleWebKit/537.36 (KHTML, like Gecko) Chrome/65.0.3325.181 Safari/537.36"
0:0:0:0:0:0:0:1 - - [30/Apr/2018:13:24:42 +0800] "OPTIONS /api/file_token HTTP/1.1" 200 - "-" "Mozilla/5.0 (Windows NT 6.3; Win64; x64) AppleWebKit/537.36 (KHTML, like Gecko) Chrome/65.0.3325.181 Safari/537.36"
0:0:0:0:0:0:0:1 - - [30/Apr/2018:13:24:42 +0800] "GET /api/file_token HTTP/1.1" 200 42 "http://localhost:8085/edit" "Mozilla/5.0 (Windows NT 6.3; Win64; x64) AppleWebKit/537.36 (KHTML, like Gecko) Chrome/65.0.3325.181 Safari/537.36"
0:0:0:0:0:0:0:1 - - [30/Apr/2018:13:24:42 +0800] "OPTIONS /api/userinfo?id=126b3e597d294e22a3343819309231c1&return_body=true HTTP/1.1" 200 - "-" "Mozilla/5.0 (Windows NT 6.3; Win64; x64) AppleWebKit/537.36 (KHTML, like Gecko) Chrome/65.0.3325.181 Safari/537.36"
0:0:0:0:0:0:0:1 - - [30/Apr/2018:13:24:42 +0800] "GET /api/userinfo?id=126b3e597d294e22a3343819309231c1&return_body=true HTTP/1.1" 200 42 "http://localhost:8085/edit" "Mozilla/5.0 (Windows NT 6.3; Win64; x64) AppleWebKit/537.36 (KHTML, like Gecko) Chrome/65.0.3325.181 Safari/537.36"
0:0:0:0:0:0:0:1 - - [30/Apr/2018:13:25:35 +0800] "OPTIONS /api/userinfo HTTP/1.1" 200 - "-" "Mozilla/5.0 (Windows NT 6.3; Win64; x64) AppleWebKit/537.36 (KHTML, like Gecko) Chrome/65.0.3325.181 Safari/537.36"
0:0:0:0:0:0:0:1 - - [30/Apr/2018:13:25:35 +0800] "POST /api/userinfo HTTP/1.1" 200 42 "http://localhost:8085/edit" "Mozilla/5.0 (Windows NT 6.3; Win64; x64) AppleWebKit/537.36 (KHTML, like Gecko) Chrome/65.0.3325.181 Safari/537.36"
0:0:0:0:0:0:0:1 - - [30/Apr/2018:13:25:42 +0800] "OPTIONS /api/userinfo HTTP/1.1" 200 - "-" "Mozilla/5.0 (Windows NT 6.3; Win64; x64) AppleWebKit/537.36 (KHTML, like Gecko) Chrome/65.0.3325.181 Safari/537.36"
0:0:0:0:0:0:0:1 - - [30/Apr/2018:13:25:42 +0800] "POST /api/userinfo HTTP/1.1" 200 42 "http://localhost:8085/edit" "Mozilla/5.0 (Windows NT 6.3; Win64; x64) AppleWebKit/537.36 (KHTML, like Gecko) Chrome/65.0.3325.181 Safari/537.36"
0:0:0:0:0:0:0:1 - - [30/Apr/2018:13:34:12 +0800] "OPTIONS /api/userinfo HTTP/1.1" 200 - "-" "Mozilla/5.0 (Windows NT 6.3; Win64; x64) AppleWebKit/537.36 (KHTML, like Gecko) Chrome/65.0.3325.181 Safari/537.36"
0:0:0:0:0:0:0:1 - - [30/Apr/2018:13:34:12 +0800] "POST /api/userinfo HTTP/1.1" 200 42 "http://localhost:8085/edit" "Mozilla/5.0 (Windows NT 6.3; Win64; x64) AppleWebKit/537.36 (KHTML, like Gecko) Chrome/65.0.3325.181 Safari/537.36"
0:0:0:0:0:0:0:1 - - [30/Apr/2018:13:34:56 +0800] "OPTIONS /api/token HTTP/1.1" 200 - "-" "Mozilla/5.0 (Windows NT 6.3; Win64; x64) AppleWebKit/537.36 (KHTML, like Gecko) Chrome/65.0.3325.181 Safari/537.36"
0:0:0:0:0:0:0:1 - - [30/Apr/2018:13:34:56 +0800] "POST /api/token HTTP/1.1" 200 289 "http://localhost:8085/" "Mozilla/5.0 (Windows NT 6.3; Win64; x64) AppleWebKit/537.36 (KHTML, like Gecko) Chrome/65.0.3325.181 Safari/537.36"
0:0:0:0:0:0:0:1 - - [30/Apr/2018:13:34:57 +0800] "OPTIONS /api/file_token HTTP/1.1" 200 - "-" "Mozilla/5.0 (Windows NT 6.3; Win64; x64) AppleWebKit/537.36 (KHTML, like Gecko) Chrome/65.0.3325.181 Safari/537.36"
0:0:0:0:0:0:0:1 - - [30/Apr/2018:13:34:57 +0800] "GET /api/file_token HTTP/1.1" 200 49 "http://localhost:8085/main" "Mozilla/5.0 (Windows NT 6.3; Win64; x64) AppleWebKit/537.36 (KHTML, like Gecko) Chrome/65.0.3325.181 Safari/537.36"
0:0:0:0:0:0:0:1 - - [30/Apr/2018:13:34:57 +0800] "OPTIONS /api/userinfo?id=126b3e597d294e22a3343819309231c1&return_body=false HTTP/1.1" 200 - "-" "Mozilla/5.0 (Windows NT 6.3; Win64; x64) AppleWebKit/537.36 (KHTML, like Gecko) Chrome/65.0.3325.181 Safari/537.36"
0:0:0:0:0:0:0:1 - - [30/Apr/2018:13:34:57 +0800] "GET /api/userinfo?id=126b3e597d294e22a3343819309231c1&return_body=false HTTP/1.1" 200 40 "http://localhost:8085/main" "Mozilla/5.0 (Windows NT 6.3; Win64; x64) AppleWebKit/537.36 (KHTML, like Gecko) Chrome/65.0.3325.181 Safari/537.36"
0:0:0:0:0:0:0:1 - - [30/Apr/2018:13:35:01 +0800] "GET /api/file_token HTTP/1.1" 200 49 "http://localhost:8085/edit" "Mozilla/5.0 (Windows NT 6.3; Win64; x64) AppleWebKit/537.36 (KHTML, like Gecko) Chrome/65.0.3325.181 Safari/537.36"
0:0:0:0:0:0:0:1 - - [30/Apr/2018:13:35:01 +0800] "OPTIONS /api/userinfo?id=126b3e597d294e22a3343819309231c1&return_body=true HTTP/1.1" 200 - "-" "Mozilla/5.0 (Windows NT 6.3; Win64; x64) AppleWebKit/537.36 (KHTML, like Gecko) Chrome/65.0.3325.181 Safari/537.36"
0:0:0:0:0:0:0:1 - - [30/Apr/2018:13:35:01 +0800] "GET /api/userinfo?id=126b3e597d294e22a3343819309231c1&return_body=true HTTP/1.1" 200 304 "http://localhost:8085/edit" "Mozilla/5.0 (Windows NT 6.3; Win64; x64) AppleWebKit/537.36 (KHTML, like Gecko) Chrome/65.0.3325.181 Safari/537.36"
0:0:0:0:0:0:0:1 - - [30/Apr/2018:17:44:57 +0800] "OPTIONS /api/token HTTP/1.1" 200 - "http://localhost:8085/" "Mozilla/5.0 (Windows NT 6.3; WOW64) AppleWebKit/537.36 (KHTML, like Gecko) Chrome/55.0.2883.87 Safari/537.36"
0:0:0:0:0:0:0:1 - - [30/Apr/2018:17:44:58 +0800] "POST /api/token HTTP/1.1" 200 289 "http://localhost:8085/" "Mozilla/5.0 (Windows NT 6.3; WOW64) AppleWebKit/537.36 (KHTML, like Gecko) Chrome/55.0.2883.87 Safari/537.36"
0:0:0:0:0:0:0:1 - - [30/Apr/2018:17:44:59 +0800] "OPTIONS /api/file_token HTTP/1.1" 200 - "http://localhost:8085/main" "Mozilla/5.0 (Windows NT 6.3; WOW64) AppleWebKit/537.36 (KHTML, like Gecko) Chrome/55.0.2883.87 Safari/537.36"
0:0:0:0:0:0:0:1 - - [30/Apr/2018:17:44:59 +0800] "GET /api/file_token HTTP/1.1" 200 49 "http://localhost:8085/main" "Mozilla/5.0 (Windows NT 6.3; WOW64) AppleWebKit/537.36 (KHTML, like Gecko) Chrome/55.0.2883.87 Safari/537.36"
0:0:0:0:0:0:0:1 - - [30/Apr/2018:17:44:59 +0800] "OPTIONS /api/userinfo?id=126b3e597d294e22a3343819309231c1&return_body=false HTTP/1.1" 200 - "http://localhost:8085/main" "Mozilla/5.0 (Windows NT 6.3; WOW64) AppleWebKit/537.36 (KHTML, like Gecko) Chrome/55.0.2883.87 Safari/537.36"
0:0:0:0:0:0:0:1 - - [30/Apr/2018:17:44:59 +0800] "GET /api/userinfo?id=126b3e597d294e22a3343819309231c1&return_body=false HTTP/1.1" 200 40 "http://localhost:8085/main" "Mozilla/5.0 (Windows NT 6.3; WOW64) AppleWebKit/537.36 (KHTML, like Gecko) Chrome/55.0.2883.87 Safari/537.36"
0:0:0:0:0:0:0:1 - - [30/Apr/2018:17:45:02 +0800] "GET /api/file_token HTTP/1.1" 200 49 "http://localhost:8085/edit" "Mozilla/5.0 (Windows NT 6.3; WOW64) AppleWebKit/537.36 (KHTML, like Gecko) Chrome/55.0.2883.87 Safari/537.36"
0:0:0:0:0:0:0:1 - - [30/Apr/2018:17:45:02 +0800] "OPTIONS /api/userinfo?id=126b3e597d294e22a3343819309231c1&return_body=true HTTP/1.1" 200 - "http://localhost:8085/edit" "Mozilla/5.0 (Windows NT 6.3; WOW64) AppleWebKit/537.36 (KHTML, like Gecko) Chrome/55.0.2883.87 Safari/537.36"
0:0:0:0:0:0:0:1 - - [30/Apr/2018:17:45:02 +0800] "GET /api/userinfo?id=126b3e597d294e22a3343819309231c1&return_body=true HTTP/1.1" 200 304 "http://localhost:8085/edit" "Mozilla/5.0 (Windows NT 6.3; WOW64) AppleWebKit/537.36 (KHTML, like Gecko) Chrome/55.0.2883.87 Safari/537.36"
0:0:0:0:0:0:0:1 - - [30/Apr/2018:17:45:41 +0800] "OPTIONS /api/userinfo HTTP/1.1" 200 - "http://localhost:8085/edit" "Mozilla/5.0 (Windows NT 6.3; WOW64) AppleWebKit/537.36 (KHTML, like Gecko) Chrome/55.0.2883.87 Safari/537.36"
0:0:0:0:0:0:0:1 - - [30/Apr/2018:17:45:41 +0800] "POST /api/userinfo HTTP/1.1" 200 55 "http://localhost:8085/edit" "Mozilla/5.0 (Windows NT 6.3; WOW64) AppleWebKit/537.36 (KHTML, like Gecko) Chrome/55.0.2883.87 Safari/537.36"
0:0:0:0:0:0:0:1 - - [30/Apr/2018:17:47:01 +0800] "OPTIONS /api/file_token HTTP/1.1" 200 - "http://localhost:8085/edit" "Mozilla/5.0 (Windows NT 6.3; WOW64) AppleWebKit/537.36 (KHTML, like Gecko) Chrome/55.0.2883.87 Safari/537.36"
0:0:0:0:0:0:0:1 - - [30/Apr/2018:17:47:01 +0800] "OPTIONS /api/file_token HTTP/1.1" 200 - "http://localhost:8085/edit" "Mozilla/5.0 (Windows NT 6.3; WOW64) AppleWebKit/537.36 (KHTML, like Gecko) Chrome/55.0.2883.87 Safari/537.36"
0:0:0:0:0:0:0:1 - - [30/Apr/2018:17:47:01 +0800] "GET /api/file_token HTTP/1.1" 200 49 "http://localhost:8085/edit" "Mozilla/5.0 (Windows NT 6.3; WOW64) AppleWebKit/537.36 (KHTML, like Gecko) Chrome/55.0.2883.87 Safari/537.36"
0:0:0:0:0:0:0:1 - - [30/Apr/2018:17:47:01 +0800] "GET /api/file_token HTTP/1.1" 200 49 "http://localhost:8085/edit" "Mozilla/5.0 (Windows NT 6.3; WOW64) AppleWebKit/537.36 (KHTML, like Gecko) Chrome/55.0.2883.87 Safari/537.36"
0:0:0:0:0:0:0:1 - - [30/Apr/2018:17:47:01 +0800] "OPTIONS /api/userinfo?id=126b3e597d294e22a3343819309231c1&return_body=true HTTP/1.1" 200 - "http://localhost:8085/edit" "Mozilla/5.0 (Windows NT 6.3; WOW64) AppleWebKit/537.36 (KHTML, like Gecko) Chrome/55.0.2883.87 Safari/537.36"
0:0:0:0:0:0:0:1 - - [30/Apr/2018:17:47:01 +0800] "OPTIONS /api/userinfo?id=126b3e597d294e22a3343819309231c1&return_body=false HTTP/1.1" 200 - "http://localhost:8085/edit" "Mozilla/5.0 (Windows NT 6.3; WOW64) AppleWebKit/537.36 (KHTML, like Gecko) Chrome/55.0.2883.87 Safari/537.36"
0:0:0:0:0:0:0:1 - - [30/Apr/2018:17:47:01 +0800] "GET /api/userinfo?id=126b3e597d294e22a3343819309231c1&return_body=true HTTP/1.1" 200 304 "http://localhost:8085/edit" "Mozilla/5.0 (Windows NT 6.3; WOW64) AppleWebKit/537.36 (KHTML, like Gecko) Chrome/55.0.2883.87 Safari/537.36"
0:0:0:0:0:0:0:1 - - [30/Apr/2018:17:47:01 +0800] "GET /api/userinfo?id=126b3e597d294e22a3343819309231c1&return_body=false HTTP/1.1" 200 40 "http://localhost:8085/edit" "Mozilla/5.0 (Windows NT 6.3; WOW64) AppleWebKit/537.36 (KHTML, like Gecko) Chrome/55.0.2883.87 Safari/537.36"
0:0:0:0:0:0:0:1 - - [30/Apr/2018:17:47:04 +0800] "GET /api/file_token HTTP/1.1" 200 49 "http://localhost:8085/edit" "Mozilla/5.0 (Windows NT 6.3; WOW64) AppleWebKit/537.36 (KHTML, like Gecko) Chrome/55.0.2883.87 Safari/537.36"
0:0:0:0:0:0:0:1 - - [30/Apr/2018:17:47:04 +0800] "GET /api/file_token HTTP/1.1" 200 49 "http://localhost:8085/edit" "Mozilla/5.0 (Windows NT 6.3; WOW64) AppleWebKit/537.36 (KHTML, like Gecko) Chrome/55.0.2883.87 Safari/537.36"
0:0:0:0:0:0:0:1 - - [30/Apr/2018:17:47:04 +0800] "GET /api/userinfo?id=126b3e597d294e22a3343819309231c1&return_body=true HTTP/1.1" 200 304 "http://localhost:8085/edit" "Mozilla/5.0 (Windows NT 6.3; WOW64) AppleWebKit/537.36 (KHTML, like Gecko) Chrome/55.0.2883.87 Safari/537.36"
0:0:0:0:0:0:0:1 - - [30/Apr/2018:17:47:04 +0800] "GET /api/userinfo?id=126b3e597d294e22a3343819309231c1&return_body=false HTTP/1.1" 200 40 "http://localhost:8085/edit" "Mozilla/5.0 (Windows NT 6.3; WOW64) AppleWebKit/537.36 (KHTML, like Gecko) Chrome/55.0.2883.87 Safari/537.36"
0:0:0:0:0:0:0:1 - - [30/Apr/2018:18:21:18 +0800] "OPTIONS /api/file_token HTTP/1.1" 200 - "http://localhost:8085/main" "Mozilla/5.0 (Windows NT 6.3; WOW64) AppleWebKit/537.36 (KHTML, like Gecko) Chrome/55.0.2883.87 Safari/537.36"
0:0:0:0:0:0:0:1 - - [30/Apr/2018:18:21:18 +0800] "OPTIONS /api/file_token HTTP/1.1" 200 - "http://localhost:8085/edit" "Mozilla/5.0 (Windows NT 6.3; WOW64) AppleWebKit/537.36 (KHTML, like Gecko) Chrome/55.0.2883.87 Safari/537.36"
0:0:0:0:0:0:0:1 - - [30/Apr/2018:18:21:18 +0800] "OPTIONS /api/file_token HTTP/1.1" 200 - "http://localhost:8085/edit" "Mozilla/5.0 (Windows NT 6.3; WOW64) AppleWebKit/537.36 (KHTML, like Gecko) Chrome/55.0.2883.87 Safari/537.36"
0:0:0:0:0:0:0:1 - - [30/Apr/2018:18:21:19 +0800] "GET /api/file_token HTTP/1.1" 200 49 "http://localhost:8085/main" "Mozilla/5.0 (Windows NT 6.3; WOW64) AppleWebKit/537.36 (KHTML, like Gecko) Chrome/55.0.2883.87 Safari/537.36"
0:0:0:0:0:0:0:1 - - [30/Apr/2018:18:21:19 +0800] "GET /api/file_token HTTP/1.1" 200 49 "http://localhost:8085/edit" "Mozilla/5.0 (Windows NT 6.3; WOW64) AppleWebKit/537.36 (KHTML, like Gecko) Chrome/55.0.2883.87 Safari/537.36"
0:0:0:0:0:0:0:1 - - [30/Apr/2018:18:21:19 +0800] "OPTIONS /api/userinfo?id=126b3e597d294e22a3343819309231c1&return_body=false HTTP/1.1" 200 - "http://localhost:8085/main" "Mozilla/5.0 (Windows NT 6.3; WOW64) AppleWebKit/537.36 (KHTML, like Gecko) Chrome/55.0.2883.87 Safari/537.36"
0:0:0:0:0:0:0:1 - - [30/Apr/2018:18:21:19 +0800] "GET /api/file_token HTTP/1.1" 200 49 "http://localhost:8085/edit" "Mozilla/5.0 (Windows NT 6.3; WOW64) AppleWebKit/537.36 (KHTML, like Gecko) Chrome/55.0.2883.87 Safari/537.36"
0:0:0:0:0:0:0:1 - - [30/Apr/2018:18:21:19 +0800] "OPTIONS /api/userinfo?id=126b3e597d294e22a3343819309231c1&return_body=false HTTP/1.1" 200 - "http://localhost:8085/edit" "Mozilla/5.0 (Windows NT 6.3; WOW64) AppleWebKit/537.36 (KHTML, like Gecko) Chrome/55.0.2883.87 Safari/537.36"
0:0:0:0:0:0:0:1 - - [30/Apr/2018:18:21:19 +0800] "OPTIONS /api/userinfo?id=126b3e597d294e22a3343819309231c1&return_body=true HTTP/1.1" 200 - "http://localhost:8085/edit" "Mozilla/5.0 (Windows NT 6.3; WOW64) AppleWebKit/537.36 (KHTML, like Gecko) Chrome/55.0.2883.87 Safari/537.36"
0:0:0:0:0:0:0:1 - - [30/Apr/2018:18:21:21 +0800] "GET /api/userinfo?id=126b3e597d294e22a3343819309231c1&return_body=false HTTP/1.1" 200 40 "http://localhost:8085/main" "Mozilla/5.0 (Windows NT 6.3; WOW64) AppleWebKit/537.36 (KHTML, like Gecko) Chrome/55.0.2883.87 Safari/537.36"
0:0:0:0:0:0:0:1 - - [30/Apr/2018:18:21:21 +0800] "GET /api/userinfo?id=126b3e597d294e22a3343819309231c1&return_body=false HTTP/1.1" 200 40 "http://localhost:8085/edit" "Mozilla/5.0 (Windows NT 6.3; WOW64) AppleWebKit/537.36 (KHTML, like Gecko) Chrome/55.0.2883.87 Safari/537.36"
0:0:0:0:0:0:0:1 - - [30/Apr/2018:18:21:21 +0800] "GET /api/userinfo?id=126b3e597d294e22a3343819309231c1&return_body=true HTTP/1.1" 200 304 "http://localhost:8085/edit" "Mozilla/5.0 (Windows NT 6.3; WOW64) AppleWebKit/537.36 (KHTML, like Gecko) Chrome/55.0.2883.87 Safari/537.36"
0:0:0:0:0:0:0:1 - - [30/Apr/2018:18:21:24 +0800] "OPTIONS /api/file_token HTTP/1.1" 200 - "http://localhost:8085/edit" "Mozilla/5.0 (Windows NT 6.3; WOW64) AppleWebKit/537.36 (KHTML, like Gecko) Chrome/55.0.2883.87 Safari/537.36"
0:0:0:0:0:0:0:1 - - [30/Apr/2018:18:21:24 +0800] "GET /api/file_token HTTP/1.1" 200 49 "http://localhost:8085/edit" "Mozilla/5.0 (Windows NT 6.3; WOW64) AppleWebKit/537.36 (KHTML, like Gecko) Chrome/55.0.2883.87 Safari/537.36"
0:0:0:0:0:0:0:1 - - [30/Apr/2018:18:21:24 +0800] "OPTIONS /api/userinfo?id=126b3e597d294e22a3343819309231c1&return_body=true HTTP/1.1" 200 - "http://localhost:8085/edit" "Mozilla/5.0 (Windows NT 6.3; WOW64) AppleWebKit/537.36 (KHTML, like Gecko) Chrome/55.0.2883.87 Safari/537.36"
0:0:0:0:0:0:0:1 - - [30/Apr/2018:18:21:24 +0800] "GET /api/userinfo?id=126b3e597d294e22a3343819309231c1&return_body=true HTTP/1.1" 200 304 "http://localhost:8085/edit" "Mozilla/5.0 (Windows NT 6.3; WOW64) AppleWebKit/537.36 (KHTML, like Gecko) Chrome/55.0.2883.87 Safari/537.36"
0:0:0:0:0:0:0:1 - - [30/Apr/2018:18:22:04 +0800] "OPTIONS /api/userinfo HTTP/1.1" 200 - "http://localhost:8085/edit" "Mozilla/5.0 (Windows NT 6.3; WOW64) AppleWebKit/537.36 (KHTML, like Gecko) Chrome/55.0.2883.87 Safari/537.36"
0:0:0:0:0:0:0:1 - - [30/Apr/2018:18:22:04 +0800] "POST /api/userinfo HTTP/1.1" 200 55 "http://localhost:8085/edit" "Mozilla/5.0 (Windows NT 6.3; WOW64) AppleWebKit/537.36 (KHTML, like Gecko) Chrome/55.0.2883.87 Safari/537.36"
0:0:0:0:0:0:0:1 - - [30/Apr/2018:18:23:47 +0800] "OPTIONS /api/token HTTP/1.1" 200 - "-" "Mozilla/5.0 (Windows NT 6.3; Win64; x64) AppleWebKit/537.36 (KHTML, like Gecko) Chrome/65.0.3325.181 Safari/537.36"
0:0:0:0:0:0:0:1 - - [30/Apr/2018:18:23:47 +0800] "POST /api/token HTTP/1.1" 200 289 "http://localhost:8085/" "Mozilla/5.0 (Windows NT 6.3; Win64; x64) AppleWebKit/537.36 (KHTML, like Gecko) Chrome/65.0.3325.181 Safari/537.36"
0:0:0:0:0:0:0:1 - - [30/Apr/2018:18:23:48 +0800] "OPTIONS /api/file_token HTTP/1.1" 200 - "-" "Mozilla/5.0 (Windows NT 6.3; Win64; x64) AppleWebKit/537.36 (KHTML, like Gecko) Chrome/65.0.3325.181 Safari/537.36"
0:0:0:0:0:0:0:1 - - [30/Apr/2018:18:23:48 +0800] "GET /api/file_token HTTP/1.1" 200 49 "http://localhost:8085/main" "Mozilla/5.0 (Windows NT 6.3; Win64; x64) AppleWebKit/537.36 (KHTML, like Gecko) Chrome/65.0.3325.181 Safari/537.36"
0:0:0:0:0:0:0:1 - - [30/Apr/2018:18:23:48 +0800] "OPTIONS /api/userinfo?id=126b3e597d294e22a3343819309231c1&return_body=false HTTP/1.1" 200 - "-" "Mozilla/5.0 (Windows NT 6.3; Win64; x64) AppleWebKit/537.36 (KHTML, like Gecko) Chrome/65.0.3325.181 Safari/537.36"
0:0:0:0:0:0:0:1 - - [30/Apr/2018:18:23:48 +0800] "GET /api/userinfo?id=126b3e597d294e22a3343819309231c1&return_body=false HTTP/1.1" 200 40 "http://localhost:8085/main" "Mozilla/5.0 (Windows NT 6.3; Win64; x64) AppleWebKit/537.36 (KHTML, like Gecko) Chrome/65.0.3325.181 Safari/537.36"
0:0:0:0:0:0:0:1 - - [30/Apr/2018:18:24:09 +0800] "OPTIONS /api/file_token HTTP/1.1" 200 - "-" "Mozilla/5.0 (Windows NT 6.3; Win64; x64) AppleWebKit/537.36 (KHTML, like Gecko) Chrome/65.0.3325.181 Safari/537.36"
0:0:0:0:0:0:0:1 - - [30/Apr/2018:18:24:09 +0800] "GET /api/file_token HTTP/1.1" 200 49 "http://localhost:8085/edit" "Mozilla/5.0 (Windows NT 6.3; Win64; x64) AppleWebKit/537.36 (KHTML, like Gecko) Chrome/65.0.3325.181 Safari/537.36"
0:0:0:0:0:0:0:1 - - [30/Apr/2018:18:24:09 +0800] "OPTIONS /api/userinfo?id=126b3e597d294e22a3343819309231c1&return_body=true HTTP/1.1" 200 - "-" "Mozilla/5.0 (Windows NT 6.3; Win64; x64) AppleWebKit/537.36 (KHTML, like Gecko) Chrome/65.0.3325.181 Safari/537.36"
0:0:0:0:0:0:0:1 - - [30/Apr/2018:18:24:09 +0800] "GET /api/userinfo?id=126b3e597d294e22a3343819309231c1&return_body=true HTTP/1.1" 200 304 "http://localhost:8085/edit" "Mozilla/5.0 (Windows NT 6.3; Win64; x64) AppleWebKit/537.36 (KHTML, like Gecko) Chrome/65.0.3325.181 Safari/537.36"
0:0:0:0:0:0:0:1 - - [30/Apr/2018:18:44:08 +0800] "OPTIONS /api/file_token HTTP/1.1" 200 - "http://localhost:8085/main" "Mozilla/5.0 (Windows NT 6.3; WOW64) AppleWebKit/537.36 (KHTML, like Gecko) Chrome/55.0.2883.87 Safari/537.36"
0:0:0:0:0:0:0:1 - - [30/Apr/2018:18:44:09 +0800] "GET /api/file_token HTTP/1.1" 200 49 "http://localhost:8085/main" "Mozilla/5.0 (Windows NT 6.3; WOW64) AppleWebKit/537.36 (KHTML, like Gecko) Chrome/55.0.2883.87 Safari/537.36"
0:0:0:0:0:0:0:1 - - [30/Apr/2018:18:44:09 +0800] "OPTIONS /api/userinfo?id=126b3e597d294e22a3343819309231c1&return_body=false HTTP/1.1" 200 - "http://localhost:8085/main" "Mozilla/5.0 (Windows NT 6.3; WOW64) AppleWebKit/537.36 (KHTML, like Gecko) Chrome/55.0.2883.87 Safari/537.36"
0:0:0:0:0:0:0:1 - - [30/Apr/2018:18:44:09 +0800] "GET /api/userinfo?id=126b3e597d294e22a3343819309231c1&return_body=false HTTP/1.1" 200 40 "http://localhost:8085/main" "Mozilla/5.0 (Windows NT 6.3; WOW64) AppleWebKit/537.36 (KHTML, like Gecko) Chrome/55.0.2883.87 Safari/537.36"
0:0:0:0:0:0:0:1 - - [30/Apr/2018:18:45:48 +0800] "OPTIONS /api/file_token HTTP/1.1" 200 - "http://localhost:8085/edit" "Mozilla/5.0 (Windows NT 6.3; WOW64) AppleWebKit/537.36 (KHTML, like Gecko) Chrome/55.0.2883.87 Safari/537.36"
0:0:0:0:0:0:0:1 - - [30/Apr/2018:18:45:48 +0800] "GET /api/file_token HTTP/1.1" 200 49 "http://localhost:8085/edit" "Mozilla/5.0 (Windows NT 6.3; WOW64) AppleWebKit/537.36 (KHTML, like Gecko) Chrome/55.0.2883.87 Safari/537.36"
0:0:0:0:0:0:0:1 - - [30/Apr/2018:18:45:48 +0800] "OPTIONS /api/userinfo?id=126b3e597d294e22a3343819309231c1&return_body=true HTTP/1.1" 200 - "http://localhost:8085/edit" "Mozilla/5.0 (Windows NT 6.3; WOW64) AppleWebKit/537.36 (KHTML, like Gecko) Chrome/55.0.2883.87 Safari/537.36"
0:0:0:0:0:0:0:1 - - [30/Apr/2018:18:45:48 +0800] "GET /api/userinfo?id=126b3e597d294e22a3343819309231c1&return_body=true HTTP/1.1" 200 304 "http://localhost:8085/edit" "Mozilla/5.0 (Windows NT 6.3; WOW64) AppleWebKit/537.36 (KHTML, like Gecko) Chrome/55.0.2883.87 Safari/537.36"
0:0:0:0:0:0:0:1 - - [30/Apr/2018:18:54:20 +0800] "OPTIONS /api/file_token HTTP/1.1" 200 - "-" "Mozilla/5.0 (Windows NT 6.3; Win64; x64) AppleWebKit/537.36 (KHTML, like Gecko) Chrome/65.0.3325.181 Safari/537.36"
0:0:0:0:0:0:0:1 - - [30/Apr/2018:18:54:20 +0800] "OPTIONS /api/file_token HTTP/1.1" 200 - "-" "Mozilla/5.0 (Windows NT 6.3; Win64; x64) AppleWebKit/537.36 (KHTML, like Gecko) Chrome/65.0.3325.181 Safari/537.36"
0:0:0:0:0:0:0:1 - - [30/Apr/2018:18:54:20 +0800] "OPTIONS /api/file_token HTTP/1.1" 200 - "http://localhost:8085/edit" "Mozilla/5.0 (Windows NT 6.3; WOW64) AppleWebKit/537.36 (KHTML, like Gecko) Chrome/55.0.2883.87 Safari/537.36"
0:0:0:0:0:0:0:1 - - [30/Apr/2018:18:54:20 +0800] "OPTIONS /api/file_token HTTP/1.1" 200 - "http://localhost:8085/edit" "Mozilla/5.0 (Windows NT 6.3; WOW64) AppleWebKit/537.36 (KHTML, like Gecko) Chrome/55.0.2883.87 Safari/537.36"
0:0:0:0:0:0:0:1 - - [30/Apr/2018:18:54:20 +0800] "GET /api/file_token HTTP/1.1" 200 49 "http://localhost:8085/edit" "Mozilla/5.0 (Windows NT 6.3; Win64; x64) AppleWebKit/537.36 (KHTML, like Gecko) Chrome/65.0.3325.181 Safari/537.36"
0:0:0:0:0:0:0:1 - - [30/Apr/2018:18:54:21 +0800] "OPTIONS /api/userinfo?id=126b3e597d294e22a3343819309231c1&return_body=false HTTP/1.1" 200 - "-" "Mozilla/5.0 (Windows NT 6.3; Win64; x64) AppleWebKit/537.36 (KHTML, like Gecko) Chrome/65.0.3325.181 Safari/537.36"
0:0:0:0:0:0:0:1 - - [30/Apr/2018:18:54:21 +0800] "GET /api/userinfo?id=126b3e597d294e22a3343819309231c1&return_body=false HTTP/1.1" 200 40 "http://localhost:8085/edit" "Mozilla/5.0 (Windows NT 6.3; Win64; x64) AppleWebKit/537.36 (KHTML, like Gecko) Chrome/65.0.3325.181 Safari/537.36"
0:0:0:0:0:0:0:1 - - [30/Apr/2018:18:54:21 +0800] "OPTIONS /api/file_token HTTP/1.1" 200 - "http://localhost:8085/edit" "Mozilla/5.0 (Windows NT 6.3; WOW64) AppleWebKit/537.36 (KHTML, like Gecko) Chrome/55.0.2883.87 Safari/537.36"
0:0:0:0:0:0:0:1 - - [30/Apr/2018:18:54:21 +0800] "OPTIONS /api/file_token HTTP/1.1" 200 - "http://localhost:8085/edit" "Mozilla/5.0 (Windows NT 6.3; WOW64) AppleWebKit/537.36 (KHTML, like Gecko) Chrome/55.0.2883.87 Safari/537.36"
0:0:0:0:0:0:0:1 - - [30/Apr/2018:18:54:23 +0800] "GET /api/file_token HTTP/1.1" 200 49 "http://localhost:8085/edit" "Mozilla/5.0 (Windows NT 6.3; WOW64) AppleWebKit/537.36 (KHTML, like Gecko) Chrome/55.0.2883.87 Safari/537.36"
0:0:0:0:0:0:0:1 - - [30/Apr/2018:18:54:23 +0800] "GET /api/file_token HTTP/1.1" 200 49 "http://localhost:8085/edit" "Mozilla/5.0 (Windows NT 6.3; Win64; x64) AppleWebKit/537.36 (KHTML, like Gecko) Chrome/65.0.3325.181 Safari/537.36"
0:0:0:0:0:0:0:1 - - [30/Apr/2018:18:54:23 +0800] "OPTIONS /api/userinfo?id=126b3e597d294e22a3343819309231c1&return_body=true HTTP/1.1" 200 - "-" "Mozilla/5.0 (Windows NT 6.3; Win64; x64) AppleWebKit/537.36 (KHTML, like Gecko) Chrome/65.0.3325.181 Safari/537.36"
0:0:0:0:0:0:0:1 - - [30/Apr/2018:18:54:23 +0800] "OPTIONS /api/userinfo?id=126b3e597d294e22a3343819309231c1&return_body=false HTTP/1.1" 200 - "http://localhost:8085/edit" "Mozilla/5.0 (Windows NT 6.3; WOW64) AppleWebKit/537.36 (KHTML, like Gecko) Chrome/55.0.2883.87 Safari/537.36"
0:0:0:0:0:0:0:1 - - [30/Apr/2018:18:54:23 +0800] "GET /api/userinfo?id=126b3e597d294e22a3343819309231c1&return_body=true HTTP/1.1" 200 304 "http://localhost:8085/edit" "Mozilla/5.0 (Windows NT 6.3; Win64; x64) AppleWebKit/537.36 (KHTML, like Gecko) Chrome/65.0.3325.181 Safari/537.36"
0:0:0:0:0:0:0:1 - - [30/Apr/2018:18:54:23 +0800] "GET /api/userinfo?id=126b3e597d294e22a3343819309231c1&return_body=false HTTP/1.1" 200 40 "http://localhost:8085/edit" "Mozilla/5.0 (Windows NT 6.3; WOW64) AppleWebKit/537.36 (KHTML, like Gecko) Chrome/55.0.2883.87 Safari/537.36"
0:0:0:0:0:0:0:1 - - [30/Apr/2018:18:54:23 +0800] "GET /api/file_token HTTP/1.1" 200 49 "http://localhost:8085/edit" "Mozilla/5.0 (Windows NT 6.3; WOW64) AppleWebKit/537.36 (KHTML, like Gecko) Chrome/55.0.2883.87 Safari/537.36"
0:0:0:0:0:0:0:1 - - [30/Apr/2018:18:54:23 +0800] "OPTIONS /api/userinfo?id=126b3e597d294e22a3343819309231c1&return_body=true HTTP/1.1" 200 - "http://localhost:8085/edit" "Mozilla/5.0 (Windows NT 6.3; WOW64) AppleWebKit/537.36 (KHTML, like Gecko) Chrome/55.0.2883.87 Safari/537.36"
0:0:0:0:0:0:0:1 - - [30/Apr/2018:18:54:24 +0800] "GET /api/userinfo?id=126b3e597d294e22a3343819309231c1&return_body=true HTTP/1.1" 200 304 "http://localhost:8085/edit" "Mozilla/5.0 (Windows NT 6.3; WOW64) AppleWebKit/537.36 (KHTML, like Gecko) Chrome/55.0.2883.87 Safari/537.36"
0:0:0:0:0:0:0:1 - - [30/Apr/2018:18:54:24 +0800] "GET /api/file_token HTTP/1.1" 200 49 "http://localhost:8085/edit" "Mozilla/5.0 (Windows NT 6.3; WOW64) AppleWebKit/537.36 (KHTML, like Gecko) Chrome/55.0.2883.87 Safari/537.36"
0:0:0:0:0:0:0:1 - - [30/Apr/2018:18:54:24 +0800] "OPTIONS /api/userinfo?id=126b3e597d294e22a3343819309231c1&return_body=true HTTP/1.1" 200 - "http://localhost:8085/edit" "Mozilla/5.0 (Windows NT 6.3; WOW64) AppleWebKit/537.36 (KHTML, like Gecko) Chrome/55.0.2883.87 Safari/537.36"
0:0:0:0:0:0:0:1 - - [30/Apr/2018:18:54:24 +0800] "GET /api/userinfo?id=126b3e597d294e22a3343819309231c1&return_body=true HTTP/1.1" 200 304 "http://localhost:8085/edit" "Mozilla/5.0 (Windows NT 6.3; WOW64) AppleWebKit/537.36 (KHTML, like Gecko) Chrome/55.0.2883.87 Safari/537.36"
0:0:0:0:0:0:0:1 - - [30/Apr/2018:18:54:25 +0800] "OPTIONS /api/file_token HTTP/1.1" 200 - "http://localhost:8085/edit" "Mozilla/5.0 (Windows NT 6.3; WOW64) AppleWebKit/537.36 (KHTML, like Gecko) Chrome/55.0.2883.87 Safari/537.36"
0:0:0:0:0:0:0:1 - - [30/Apr/2018:18:54:25 +0800] "OPTIONS /api/file_token HTTP/1.1" 200 - "http://localhost:8085/edit" "Mozilla/5.0 (Windows NT 6.3; WOW64) AppleWebKit/537.36 (KHTML, like Gecko) Chrome/55.0.2883.87 Safari/537.36"
0:0:0:0:0:0:0:1 - - [30/Apr/2018:18:54:25 +0800] "GET /api/file_token HTTP/1.1" 200 49 "http://localhost:8085/edit" "Mozilla/5.0 (Windows NT 6.3; WOW64) AppleWebKit/537.36 (KHTML, like Gecko) Chrome/55.0.2883.87 Safari/537.36"
0:0:0:0:0:0:0:1 - - [30/Apr/2018:18:54:25 +0800] "OPTIONS /api/userinfo?id=126b3e597d294e22a3343819309231c1&return_body=false HTTP/1.1" 200 - "http://localhost:8085/edit" "Mozilla/5.0 (Windows NT 6.3; WOW64) AppleWebKit/537.36 (KHTML, like Gecko) Chrome/55.0.2883.87 Safari/537.36"
0:0:0:0:0:0:0:1 - - [30/Apr/2018:18:54:25 +0800] "GET /api/userinfo?id=126b3e597d294e22a3343819309231c1&return_body=false HTTP/1.1" 200 40 "http://localhost:8085/edit" "Mozilla/5.0 (Windows NT 6.3; WOW64) AppleWebKit/537.36 (KHTML, like Gecko) Chrome/55.0.2883.87 Safari/537.36"
0:0:0:0:0:0:0:1 - - [30/Apr/2018:18:54:25 +0800] "GET /api/file_token HTTP/1.1" 200 49 "http://localhost:8085/edit" "Mozilla/5.0 (Windows NT 6.3; WOW64) AppleWebKit/537.36 (KHTML, like Gecko) Chrome/55.0.2883.87 Safari/537.36"
0:0:0:0:0:0:0:1 - - [30/Apr/2018:18:54:25 +0800] "OPTIONS /api/userinfo?id=126b3e597d294e22a3343819309231c1&return_body=true HTTP/1.1" 200 - "http://localhost:8085/edit" "Mozilla/5.0 (Windows NT 6.3; WOW64) AppleWebKit/537.36 (KHTML, like Gecko) Chrome/55.0.2883.87 Safari/537.36"
0:0:0:0:0:0:0:1 - - [30/Apr/2018:18:54:25 +0800] "GET /api/userinfo?id=126b3e597d294e22a3343819309231c1&return_body=true HTTP/1.1" 200 304 "http://localhost:8085/edit" "Mozilla/5.0 (Windows NT 6.3; WOW64) AppleWebKit/537.36 (KHTML, like Gecko) Chrome/55.0.2883.87 Safari/537.36"
0:0:0:0:0:0:0:1 - - [30/Apr/2018:18:54:25 +0800] "GET /api/file_token HTTP/1.1" 200 49 "http://localhost:8085/edit" "Mozilla/5.0 (Windows NT 6.3; WOW64) AppleWebKit/537.36 (KHTML, like Gecko) Chrome/55.0.2883.87 Safari/537.36"
0:0:0:0:0:0:0:1 - - [30/Apr/2018:18:54:25 +0800] "OPTIONS /api/userinfo?id=126b3e597d294e22a3343819309231c1&return_body=false HTTP/1.1" 200 - "http://localhost:8085/edit" "Mozilla/5.0 (Windows NT 6.3; WOW64) AppleWebKit/537.36 (KHTML, like Gecko) Chrome/55.0.2883.87 Safari/537.36"
0:0:0:0:0:0:0:1 - - [30/Apr/2018:18:54:25 +0800] "GET /api/userinfo?id=126b3e597d294e22a3343819309231c1&return_body=false HTTP/1.1" 200 40 "http://localhost:8085/edit" "Mozilla/5.0 (Windows NT 6.3; WOW64) AppleWebKit/537.36 (KHTML, like Gecko) Chrome/55.0.2883.87 Safari/537.36"
0:0:0:0:0:0:0:1 - - [30/Apr/2018:18:56:22 +0800] "OPTIONS /api/file_token HTTP/1.1" 200 - "-" "Mozilla/5.0 (Windows NT 6.3; Win64; x64) AppleWebKit/537.36 (KHTML, like Gecko) Chrome/65.0.3325.181 Safari/537.36"
0:0:0:0:0:0:0:1 - - [30/Apr/2018:18:56:22 +0800] "OPTIONS /api/file_token HTTP/1.1" 200 - "-" "Mozilla/5.0 (Windows NT 6.3; Win64; x64) AppleWebKit/537.36 (KHTML, like Gecko) Chrome/65.0.3325.181 Safari/537.36"
0:0:0:0:0:0:0:1 - - [30/Apr/2018:18:56:23 +0800] "GET /api/file_token HTTP/1.1" 200 49 "http://localhost:8085/edit" "Mozilla/5.0 (Windows NT 6.3; Win64; x64) AppleWebKit/537.36 (KHTML, like Gecko) Chrome/65.0.3325.181 Safari/537.36"
0:0:0:0:0:0:0:1 - - [30/Apr/2018:18:56:23 +0800] "OPTIONS /api/userinfo?id=126b3e597d294e22a3343819309231c1&return_body=true HTTP/1.1" 200 - "-" "Mozilla/5.0 (Windows NT 6.3; Win64; x64) AppleWebKit/537.36 (KHTML, like Gecko) Chrome/65.0.3325.181 Safari/537.36"
0:0:0:0:0:0:0:1 - - [30/Apr/2018:18:56:23 +0800] "OPTIONS /api/file_token HTTP/1.1" 200 - "http://localhost:8085/edit" "Mozilla/5.0 (Windows NT 6.3; WOW64) AppleWebKit/537.36 (KHTML, like Gecko) Chrome/55.0.2883.87 Safari/537.36"
0:0:0:0:0:0:0:1 - - [30/Apr/2018:18:56:23 +0800] "OPTIONS /api/file_token HTTP/1.1" 200 - "http://localhost:8085/edit" "Mozilla/5.0 (Windows NT 6.3; WOW64) AppleWebKit/537.36 (KHTML, like Gecko) Chrome/55.0.2883.87 Safari/537.36"
0:0:0:0:0:0:0:1 - - [30/Apr/2018:18:56:23 +0800] "GET /api/userinfo?id=126b3e597d294e22a3343819309231c1&return_body=true HTTP/1.1" 200 304 "http://localhost:8085/edit" "Mozilla/5.0 (Windows NT 6.3; Win64; x64) AppleWebKit/537.36 (KHTML, like Gecko) Chrome/65.0.3325.181 Safari/537.36"
0:0:0:0:0:0:0:1 - - [30/Apr/2018:18:56:24 +0800] "GET /api/file_token HTTP/1.1" 200 49 "http://localhost:8085/edit" "Mozilla/5.0 (Windows NT 6.3; WOW64) AppleWebKit/537.36 (KHTML, like Gecko) Chrome/55.0.2883.87 Safari/537.36"
0:0:0:0:0:0:0:1 - - [30/Apr/2018:18:56:24 +0800] "GET /api/file_token HTTP/1.1" 200 49 "http://localhost:8085/edit" "Mozilla/5.0 (Windows NT 6.3; Win64; x64) AppleWebKit/537.36 (KHTML, like Gecko) Chrome/65.0.3325.181 Safari/537.36"
0:0:0:0:0:0:0:1 - - [30/Apr/2018:18:56:24 +0800] "OPTIONS /api/userinfo?id=126b3e597d294e22a3343819309231c1&return_body=false HTTP/1.1" 200 - "-" "Mozilla/5.0 (Windows NT 6.3; Win64; x64) AppleWebKit/537.36 (KHTML, like Gecko) Chrome/65.0.3325.181 Safari/537.36"
0:0:0:0:0:0:0:1 - - [30/Apr/2018:18:56:24 +0800] "OPTIONS /api/userinfo?id=126b3e597d294e22a3343819309231c1&return_body=true HTTP/1.1" 200 - "http://localhost:8085/edit" "Mozilla/5.0 (Windows NT 6.3; WOW64) AppleWebKit/537.36 (KHTML, like Gecko) Chrome/55.0.2883.87 Safari/537.36"
0:0:0:0:0:0:0:1 - - [30/Apr/2018:18:56:24 +0800] "GET /api/userinfo?id=126b3e597d294e22a3343819309231c1&return_body=false HTTP/1.1" 200 40 "http://localhost:8085/edit" "Mozilla/5.0 (Windows NT 6.3; Win64; x64) AppleWebKit/537.36 (KHTML, like Gecko) Chrome/65.0.3325.181 Safari/537.36"
0:0:0:0:0:0:0:1 - - [30/Apr/2018:18:56:24 +0800] "GET /api/userinfo?id=126b3e597d294e22a3343819309231c1&return_body=true HTTP/1.1" 200 304 "http://localhost:8085/edit" "Mozilla/5.0 (Windows NT 6.3; WOW64) AppleWebKit/537.36 (KHTML, like Gecko) Chrome/55.0.2883.87 Safari/537.36"
0:0:0:0:0:0:0:1 - - [30/Apr/2018:18:56:25 +0800] "GET /api/file_token HTTP/1.1" 200 49 "http://localhost:8085/edit" "Mozilla/5.0 (Windows NT 6.3; WOW64) AppleWebKit/537.36 (KHTML, like Gecko) Chrome/55.0.2883.87 Safari/537.36"
0:0:0:0:0:0:0:1 - - [30/Apr/2018:18:56:25 +0800] "OPTIONS /api/userinfo?id=126b3e597d294e22a3343819309231c1&return_body=false HTTP/1.1" 200 - "http://localhost:8085/edit" "Mozilla/5.0 (Windows NT 6.3; WOW64) AppleWebKit/537.36 (KHTML, like Gecko) Chrome/55.0.2883.87 Safari/537.36"
0:0:0:0:0:0:0:1 - - [30/Apr/2018:18:56:25 +0800] "GET /api/userinfo?id=126b3e597d294e22a3343819309231c1&return_body=false HTTP/1.1" 200 40 "http://localhost:8085/edit" "Mozilla/5.0 (Windows NT 6.3; WOW64) AppleWebKit/537.36 (KHTML, like Gecko) Chrome/55.0.2883.87 Safari/537.36"
0:0:0:0:0:0:0:1 - - [30/Apr/2018:18:56:26 +0800] "OPTIONS /api/file_token HTTP/1.1" 200 - "http://localhost:8085/edit" "Mozilla/5.0 (Windows NT 6.3; WOW64) AppleWebKit/537.36 (KHTML, like Gecko) Chrome/55.0.2883.87 Safari/537.36"
0:0:0:0:0:0:0:1 - - [30/Apr/2018:18:56:26 +0800] "OPTIONS /api/file_token HTTP/1.1" 200 - "http://localhost:8085/edit" "Mozilla/5.0 (Windows NT 6.3; WOW64) AppleWebKit/537.36 (KHTML, like Gecko) Chrome/55.0.2883.87 Safari/537.36"
0:0:0:0:0:0:0:1 - - [30/Apr/2018:18:56:27 +0800] "GET /api/file_token HTTP/1.1" 200 49 "http://localhost:8085/edit" "Mozilla/5.0 (Windows NT 6.3; WOW64) AppleWebKit/537.36 (KHTML, like Gecko) Chrome/55.0.2883.87 Safari/537.36"
0:0:0:0:0:0:0:1 - - [30/Apr/2018:18:56:27 +0800] "OPTIONS /api/userinfo?id=126b3e597d294e22a3343819309231c1&return_body=true HTTP/1.1" 200 - "http://localhost:8085/edit" "Mozilla/5.0 (Windows NT 6.3; WOW64) AppleWebKit/537.36 (KHTML, like Gecko) Chrome/55.0.2883.87 Safari/537.36"
0:0:0:0:0:0:0:1 - - [30/Apr/2018:18:56:27 +0800] "GET /api/file_token HTTP/1.1" 200 49 "http://localhost:8085/edit" "Mozilla/5.0 (Windows NT 6.3; WOW64) AppleWebKit/537.36 (KHTML, like Gecko) Chrome/55.0.2883.87 Safari/537.36"
0:0:0:0:0:0:0:1 - - [30/Apr/2018:18:56:27 +0800] "GET /api/userinfo?id=126b3e597d294e22a3343819309231c1&return_body=true HTTP/1.1" 200 304 "http://localhost:8085/edit" "Mozilla/5.0 (Windows NT 6.3; WOW64) AppleWebKit/537.36 (KHTML, like Gecko) Chrome/55.0.2883.87 Safari/537.36"
0:0:0:0:0:0:0:1 - - [30/Apr/2018:18:56:27 +0800] "OPTIONS /api/userinfo?id=126b3e597d294e22a3343819309231c1&return_body=false HTTP/1.1" 200 - "http://localhost:8085/edit" "Mozilla/5.0 (Windows NT 6.3; WOW64) AppleWebKit/537.36 (KHTML, like Gecko) Chrome/55.0.2883.87 Safari/537.36"
0:0:0:0:0:0:0:1 - - [30/Apr/2018:18:56:27 +0800] "GET /api/userinfo?id=126b3e597d294e22a3343819309231c1&return_body=false HTTP/1.1" 200 40 "http://localhost:8085/edit" "Mozilla/5.0 (Windows NT 6.3; WOW64) AppleWebKit/537.36 (KHTML, like Gecko) Chrome/55.0.2883.87 Safari/537.36"
0:0:0:0:0:0:0:1 - - [30/Apr/2018:18:56:27 +0800] "OPTIONS /api/file_token HTTP/1.1" 200 - "http://localhost:8085/edit" "Mozilla/5.0 (Windows NT 6.3; WOW64) AppleWebKit/537.36 (KHTML, like Gecko) Chrome/55.0.2883.87 Safari/537.36"
0:0:0:0:0:0:0:1 - - [30/Apr/2018:18:56:27 +0800] "OPTIONS /api/file_token HTTP/1.1" 200 - "http://localhost:8085/edit" "Mozilla/5.0 (Windows NT 6.3; WOW64) AppleWebKit/537.36 (KHTML, like Gecko) Chrome/55.0.2883.87 Safari/537.36"
0:0:0:0:0:0:0:1 - - [30/Apr/2018:18:56:27 +0800] "GET /api/file_token HTTP/1.1" 200 49 "http://localhost:8085/edit" "Mozilla/5.0 (Windows NT 6.3; WOW64) AppleWebKit/537.36 (KHTML, like Gecko) Chrome/55.0.2883.87 Safari/537.36"
0:0:0:0:0:0:0:1 - - [30/Apr/2018:18:56:27 +0800] "OPTIONS /api/userinfo?id=126b3e597d294e22a3343819309231c1&return_body=true HTTP/1.1" 200 - "http://localhost:8085/edit" "Mozilla/5.0 (Windows NT 6.3; WOW64) AppleWebKit/537.36 (KHTML, like Gecko) Chrome/55.0.2883.87 Safari/537.36"
0:0:0:0:0:0:0:1 - - [30/Apr/2018:18:56:27 +0800] "GET /api/file_token HTTP/1.1" 200 49 "http://localhost:8085/edit" "Mozilla/5.0 (Windows NT 6.3; WOW64) AppleWebKit/537.36 (KHTML, like Gecko) Chrome/55.0.2883.87 Safari/537.36"
0:0:0:0:0:0:0:1 - - [30/Apr/2018:18:56:27 +0800] "GET /api/userinfo?id=126b3e597d294e22a3343819309231c1&return_body=true HTTP/1.1" 200 304 "http://localhost:8085/edit" "Mozilla/5.0 (Windows NT 6.3; WOW64) AppleWebKit/537.36 (KHTML, like Gecko) Chrome/55.0.2883.87 Safari/537.36"
0:0:0:0:0:0:0:1 - - [30/Apr/2018:18:56:27 +0800] "OPTIONS /api/userinfo?id=126b3e597d294e22a3343819309231c1&return_body=false HTTP/1.1" 200 - "http://localhost:8085/edit" "Mozilla/5.0 (Windows NT 6.3; WOW64) AppleWebKit/537.36 (KHTML, like Gecko) Chrome/55.0.2883.87 Safari/537.36"
0:0:0:0:0:0:0:1 - - [30/Apr/2018:18:56:27 +0800] "GET /api/userinfo?id=126b3e597d294e22a3343819309231c1&return_body=false HTTP/1.1" 200 40 "http://localhost:8085/edit" "Mozilla/5.0 (Windows NT 6.3; WOW64) AppleWebKit/537.36 (KHTML, like Gecko) Chrome/55.0.2883.87 Safari/537.36"
0:0:0:0:0:0:0:1 - - [30/Apr/2018:18:57:09 +0800] "OPTIONS /api/file_token HTTP/1.1" 200 - "-" "Mozilla/5.0 (Windows NT 6.3; Win64; x64) AppleWebKit/537.36 (KHTML, like Gecko) Chrome/65.0.3325.181 Safari/537.36"
0:0:0:0:0:0:0:1 - - [30/Apr/2018:18:57:09 +0800] "OPTIONS /api/file_token HTTP/1.1" 200 - "-" "Mozilla/5.0 (Windows NT 6.3; Win64; x64) AppleWebKit/537.36 (KHTML, like Gecko) Chrome/65.0.3325.181 Safari/537.36"
0:0:0:0:0:0:0:1 - - [30/Apr/2018:18:57:10 +0800] "GET /api/file_token HTTP/1.1" 200 49 "http://localhost:8085/edit" "Mozilla/5.0 (Windows NT 6.3; Win64; x64) AppleWebKit/537.36 (KHTML, like Gecko) Chrome/65.0.3325.181 Safari/537.36"
0:0:0:0:0:0:0:1 - - [30/Apr/2018:18:57:10 +0800] "OPTIONS /api/userinfo?id=126b3e597d294e22a3343819309231c1&return_body=true HTTP/1.1" 200 - "-" "Mozilla/5.0 (Windows NT 6.3; Win64; x64) AppleWebKit/537.36 (KHTML, like Gecko) Chrome/65.0.3325.181 Safari/537.36"
0:0:0:0:0:0:0:1 - - [30/Apr/2018:18:57:10 +0800] "GET /api/userinfo?id=126b3e597d294e22a3343819309231c1&return_body=true HTTP/1.1" 200 304 "http://localhost:8085/edit" "Mozilla/5.0 (Windows NT 6.3; Win64; x64) AppleWebKit/537.36 (KHTML, like Gecko) Chrome/65.0.3325.181 Safari/537.36"
0:0:0:0:0:0:0:1 - - [30/Apr/2018:18:57:10 +0800] "GET /api/file_token HTTP/1.1" 200 49 "http://localhost:8085/edit" "Mozilla/5.0 (Windows NT 6.3; Win64; x64) AppleWebKit/537.36 (KHTML, like Gecko) Chrome/65.0.3325.181 Safari/537.36"
0:0:0:0:0:0:0:1 - - [30/Apr/2018:18:57:10 +0800] "OPTIONS /api/userinfo?id=126b3e597d294e22a3343819309231c1&return_body=false HTTP/1.1" 200 - "-" "Mozilla/5.0 (Windows NT 6.3; Win64; x64) AppleWebKit/537.36 (KHTML, like Gecko) Chrome/65.0.3325.181 Safari/537.36"
0:0:0:0:0:0:0:1 - - [30/Apr/2018:18:57:10 +0800] "GET /api/userinfo?id=126b3e597d294e22a3343819309231c1&return_body=false HTTP/1.1" 200 40 "http://localhost:8085/edit" "Mozilla/5.0 (Windows NT 6.3; Win64; x64) AppleWebKit/537.36 (KHTML, like Gecko) Chrome/65.0.3325.181 Safari/537.36"
0:0:0:0:0:0:0:1 - - [30/Apr/2018:18:57:11 +0800] "OPTIONS /api/file_token HTTP/1.1" 200 - "http://localhost:8085/edit" "Mozilla/5.0 (Windows NT 6.3; WOW64) AppleWebKit/537.36 (KHTML, like Gecko) Chrome/55.0.2883.87 Safari/537.36"
0:0:0:0:0:0:0:1 - - [30/Apr/2018:18:57:11 +0800] "OPTIONS /api/file_token HTTP/1.1" 200 - "http://localhost:8085/edit" "Mozilla/5.0 (Windows NT 6.3; WOW64) AppleWebKit/537.36 (KHTML, like Gecko) Chrome/55.0.2883.87 Safari/537.36"
0:0:0:0:0:0:0:1 - - [30/Apr/2018:18:57:11 +0800] "GET /api/file_token HTTP/1.1" 200 49 "http://localhost:8085/edit" "Mozilla/5.0 (Windows NT 6.3; WOW64) AppleWebKit/537.36 (KHTML, like Gecko) Chrome/55.0.2883.87 Safari/537.36"
0:0:0:0:0:0:0:1 - - [30/Apr/2018:18:57:11 +0800] "OPTIONS /api/userinfo?id=126b3e597d294e22a3343819309231c1&return_body=true HTTP/1.1" 200 - "http://localhost:8085/edit" "Mozilla/5.0 (Windows NT 6.3; WOW64) AppleWebKit/537.36 (KHTML, like Gecko) Chrome/55.0.2883.87 Safari/537.36"
0:0:0:0:0:0:0:1 - - [30/Apr/2018:18:57:11 +0800] "GET /api/userinfo?id=126b3e597d294e22a3343819309231c1&return_body=true HTTP/1.1" 200 304 "http://localhost:8085/edit" "Mozilla/5.0 (Windows NT 6.3; WOW64) AppleWebKit/537.36 (KHTML, like Gecko) Chrome/55.0.2883.87 Safari/537.36"
0:0:0:0:0:0:0:1 - - [30/Apr/2018:18:57:12 +0800] "GET /api/file_token HTTP/1.1" 200 49 "http://localhost:8085/edit" "Mozilla/5.0 (Windows NT 6.3; WOW64) AppleWebKit/537.36 (KHTML, like Gecko) Chrome/55.0.2883.87 Safari/537.36"
0:0:0:0:0:0:0:1 - - [30/Apr/2018:18:57:12 +0800] "OPTIONS /api/userinfo?id=126b3e597d294e22a3343819309231c1&return_body=false HTTP/1.1" 200 - "http://localhost:8085/edit" "Mozilla/5.0 (Windows NT 6.3; WOW64) AppleWebKit/537.36 (KHTML, like Gecko) Chrome/55.0.2883.87 Safari/537.36"
0:0:0:0:0:0:0:1 - - [30/Apr/2018:18:57:12 +0800] "GET /api/userinfo?id=126b3e597d294e22a3343819309231c1&return_body=false HTTP/1.1" 200 40 "http://localhost:8085/edit" "Mozilla/5.0 (Windows NT 6.3; WOW64) AppleWebKit/537.36 (KHTML, like Gecko) Chrome/55.0.2883.87 Safari/537.36"
0:0:0:0:0:0:0:1 - - [30/Apr/2018:18:57:13 +0800] "OPTIONS /api/file_token HTTP/1.1" 200 - "http://localhost:8085/edit" "Mozilla/5.0 (Windows NT 6.3; WOW64) AppleWebKit/537.36 (KHTML, like Gecko) Chrome/55.0.2883.87 Safari/537.36"
0:0:0:0:0:0:0:1 - - [30/Apr/2018:18:57:13 +0800] "OPTIONS /api/file_token HTTP/1.1" 200 - "http://localhost:8085/edit" "Mozilla/5.0 (Windows NT 6.3; WOW64) AppleWebKit/537.36 (KHTML, like Gecko) Chrome/55.0.2883.87 Safari/537.36"
0:0:0:0:0:0:0:1 - - [30/Apr/2018:18:57:13 +0800] "OPTIONS /api/file_token HTTP/1.1" 200 - "http://localhost:8085/edit" "Mozilla/5.0 (Windows NT 6.3; WOW64) AppleWebKit/537.36 (KHTML, like Gecko) Chrome/55.0.2883.87 Safari/537.36"
0:0:0:0:0:0:0:1 - - [30/Apr/2018:18:57:13 +0800] "OPTIONS /api/file_token HTTP/1.1" 200 - "http://localhost:8085/edit" "Mozilla/5.0 (Windows NT 6.3; WOW64) AppleWebKit/537.36 (KHTML, like Gecko) Chrome/55.0.2883.87 Safari/537.36"
0:0:0:0:0:0:0:1 - - [30/Apr/2018:18:57:13 +0800] "GET /api/file_token HTTP/1.1" 200 49 "http://localhost:8085/edit" "Mozilla/5.0 (Windows NT 6.3; WOW64) AppleWebKit/537.36 (KHTML, like Gecko) Chrome/55.0.2883.87 Safari/537.36"
0:0:0:0:0:0:0:1 - - [30/Apr/2018:18:57:13 +0800] "OPTIONS /api/userinfo?id=126b3e597d294e22a3343819309231c1&return_body=true HTTP/1.1" 200 - "http://localhost:8085/edit" "Mozilla/5.0 (Windows NT 6.3; WOW64) AppleWebKit/537.36 (KHTML, like Gecko) Chrome/55.0.2883.87 Safari/537.36"
0:0:0:0:0:0:0:1 - - [30/Apr/2018:18:57:13 +0800] "GET /api/userinfo?id=126b3e597d294e22a3343819309231c1&return_body=true HTTP/1.1" 200 304 "http://localhost:8085/edit" "Mozilla/5.0 (Windows NT 6.3; WOW64) AppleWebKit/537.36 (KHTML, like Gecko) Chrome/55.0.2883.87 Safari/537.36"
0:0:0:0:0:0:0:1 - - [30/Apr/2018:18:57:13 +0800] "GET /api/file_token HTTP/1.1" 200 49 "http://localhost:8085/edit" "Mozilla/5.0 (Windows NT 6.3; WOW64) AppleWebKit/537.36 (KHTML, like Gecko) Chrome/55.0.2883.87 Safari/537.36"
0:0:0:0:0:0:0:1 - - [30/Apr/2018:18:57:13 +0800] "OPTIONS /api/userinfo?id=126b3e597d294e22a3343819309231c1&return_body=false HTTP/1.1" 200 - "http://localhost:8085/edit" "Mozilla/5.0 (Windows NT 6.3; WOW64) AppleWebKit/537.36 (KHTML, like Gecko) Chrome/55.0.2883.87 Safari/537.36"
0:0:0:0:0:0:0:1 - - [30/Apr/2018:18:57:13 +0800] "GET /api/file_token HTTP/1.1" 200 49 "http://localhost:8085/edit" "Mozilla/5.0 (Windows NT 6.3; WOW64) AppleWebKit/537.36 (KHTML, like Gecko) Chrome/55.0.2883.87 Safari/537.36"
0:0:0:0:0:0:0:1 - - [30/Apr/2018:18:57:13 +0800] "GET /api/userinfo?id=126b3e597d294e22a3343819309231c1&return_body=false HTTP/1.1" 200 40 "http://localhost:8085/edit" "Mozilla/5.0 (Windows NT 6.3; WOW64) AppleWebKit/537.36 (KHTML, like Gecko) Chrome/55.0.2883.87 Safari/537.36"
0:0:0:0:0:0:0:1 - - [30/Apr/2018:18:57:13 +0800] "GET /api/file_token HTTP/1.1" 200 49 "http://localhost:8085/edit" "Mozilla/5.0 (Windows NT 6.3; WOW64) AppleWebKit/537.36 (KHTML, like Gecko) Chrome/55.0.2883.87 Safari/537.36"
0:0:0:0:0:0:0:1 - - [30/Apr/2018:18:57:13 +0800] "OPTIONS /api/userinfo?id=126b3e597d294e22a3343819309231c1&return_body=true HTTP/1.1" 200 - "http://localhost:8085/edit" "Mozilla/5.0 (Windows NT 6.3; WOW64) AppleWebKit/537.36 (KHTML, like Gecko) Chrome/55.0.2883.87 Safari/537.36"
0:0:0:0:0:0:0:1 - - [30/Apr/2018:18:57:13 +0800] "OPTIONS /api/userinfo?id=126b3e597d294e22a3343819309231c1&return_body=false HTTP/1.1" 200 - "http://localhost:8085/edit" "Mozilla/5.0 (Windows NT 6.3; WOW64) AppleWebKit/537.36 (KHTML, like Gecko) Chrome/55.0.2883.87 Safari/537.36"
0:0:0:0:0:0:0:1 - - [30/Apr/2018:18:57:13 +0800] "GET /api/userinfo?id=126b3e597d294e22a3343819309231c1&return_body=true HTTP/1.1" 200 304 "http://localhost:8085/edit" "Mozilla/5.0 (Windows NT 6.3; WOW64) AppleWebKit/537.36 (KHTML, like Gecko) Chrome/55.0.2883.87 Safari/537.36"
0:0:0:0:0:0:0:1 - - [30/Apr/2018:18:57:13 +0800] "GET /api/userinfo?id=126b3e597d294e22a3343819309231c1&return_body=false HTTP/1.1" 200 40 "http://localhost:8085/edit" "Mozilla/5.0 (Windows NT 6.3; WOW64) AppleWebKit/537.36 (KHTML, like Gecko) Chrome/55.0.2883.87 Safari/537.36"
0:0:0:0:0:0:0:1 - - [30/Apr/2018:18:57:18 +0800] "OPTIONS /api/file_token HTTP/1.1" 200 - "http://localhost:8085/edit" "Mozilla/5.0 (Windows NT 6.3; WOW64) AppleWebKit/537.36 (KHTML, like Gecko) Chrome/55.0.2883.87 Safari/537.36"
0:0:0:0:0:0:0:1 - - [30/Apr/2018:18:57:18 +0800] "OPTIONS /api/file_token HTTP/1.1" 200 - "http://localhost:8085/edit" "Mozilla/5.0 (Windows NT 6.3; WOW64) AppleWebKit/537.36 (KHTML, like Gecko) Chrome/55.0.2883.87 Safari/537.36"
0:0:0:0:0:0:0:1 - - [30/Apr/2018:18:57:19 +0800] "GET /api/file_token HTTP/1.1" 200 49 "http://localhost:8085/edit" "Mozilla/5.0 (Windows NT 6.3; WOW64) AppleWebKit/537.36 (KHTML, like Gecko) Chrome/55.0.2883.87 Safari/537.36"
0:0:0:0:0:0:0:1 - - [30/Apr/2018:18:57:19 +0800] "OPTIONS /api/userinfo?id=126b3e597d294e22a3343819309231c1&return_body=true HTTP/1.1" 200 - "http://localhost:8085/edit" "Mozilla/5.0 (Windows NT 6.3; WOW64) AppleWebKit/537.36 (KHTML, like Gecko) Chrome/55.0.2883.87 Safari/537.36"
0:0:0:0:0:0:0:1 - - [30/Apr/2018:18:57:19 +0800] "GET /api/userinfo?id=126b3e597d294e22a3343819309231c1&return_body=true HTTP/1.1" 200 304 "http://localhost:8085/edit" "Mozilla/5.0 (Windows NT 6.3; WOW64) AppleWebKit/537.36 (KHTML, like Gecko) Chrome/55.0.2883.87 Safari/537.36"
0:0:0:0:0:0:0:1 - - [30/Apr/2018:18:57:20 +0800] "GET /api/file_token HTTP/1.1" 200 49 "http://localhost:8085/edit" "Mozilla/5.0 (Windows NT 6.3; WOW64) AppleWebKit/537.36 (KHTML, like Gecko) Chrome/55.0.2883.87 Safari/537.36"
0:0:0:0:0:0:0:1 - - [30/Apr/2018:18:57:20 +0800] "OPTIONS /api/userinfo?id=126b3e597d294e22a3343819309231c1&return_body=false HTTP/1.1" 200 - "http://localhost:8085/edit" "Mozilla/5.0 (Windows NT 6.3; WOW64) AppleWebKit/537.36 (KHTML, like Gecko) Chrome/55.0.2883.87 Safari/537.36"
0:0:0:0:0:0:0:1 - - [30/Apr/2018:18:57:20 +0800] "GET /api/userinfo?id=126b3e597d294e22a3343819309231c1&return_body=false HTTP/1.1" 200 40 "http://localhost:8085/edit" "Mozilla/5.0 (Windows NT 6.3; WOW64) AppleWebKit/537.36 (KHTML, like Gecko) Chrome/55.0.2883.87 Safari/537.36"
0:0:0:0:0:0:0:1 - - [30/Apr/2018:18:57:20 +0800] "OPTIONS /api/file_token HTTP/1.1" 200 - "-" "Mozilla/5.0 (Windows NT 6.3; Win64; x64) AppleWebKit/537.36 (KHTML, like Gecko) Chrome/65.0.3325.181 Safari/537.36"
0:0:0:0:0:0:0:1 - - [30/Apr/2018:18:57:20 +0800] "OPTIONS /api/file_token HTTP/1.1" 200 - "-" "Mozilla/5.0 (Windows NT 6.3; Win64; x64) AppleWebKit/537.36 (KHTML, like Gecko) Chrome/65.0.3325.181 Safari/537.36"
0:0:0:0:0:0:0:1 - - [30/Apr/2018:18:57:22 +0800] "GET /api/file_token HTTP/1.1" 200 49 "http://localhost:8085/edit" "Mozilla/5.0 (Windows NT 6.3; Win64; x64) AppleWebKit/537.36 (KHTML, like Gecko) Chrome/65.0.3325.181 Safari/537.36"
0:0:0:0:0:0:0:1 - - [30/Apr/2018:18:57:22 +0800] "OPTIONS /api/userinfo?id=126b3e597d294e22a3343819309231c1&return_body=true HTTP/1.1" 200 - "-" "Mozilla/5.0 (Windows NT 6.3; Win64; x64) AppleWebKit/537.36 (KHTML, like Gecko) Chrome/65.0.3325.181 Safari/537.36"
0:0:0:0:0:0:0:1 - - [30/Apr/2018:18:57:22 +0800] "GET /api/userinfo?id=126b3e597d294e22a3343819309231c1&return_body=true HTTP/1.1" 200 304 "http://localhost:8085/edit" "Mozilla/5.0 (Windows NT 6.3; Win64; x64) AppleWebKit/537.36 (KHTML, like Gecko) Chrome/65.0.3325.181 Safari/537.36"
0:0:0:0:0:0:0:1 - - [30/Apr/2018:18:57:23 +0800] "GET /api/file_token HTTP/1.1" 200 49 "http://localhost:8085/edit" "Mozilla/5.0 (Windows NT 6.3; Win64; x64) AppleWebKit/537.36 (KHTML, like Gecko) Chrome/65.0.3325.181 Safari/537.36"
0:0:0:0:0:0:0:1 - - [30/Apr/2018:18:57:23 +0800] "OPTIONS /api/userinfo?id=126b3e597d294e22a3343819309231c1&return_body=false HTTP/1.1" 200 - "-" "Mozilla/5.0 (Windows NT 6.3; Win64; x64) AppleWebKit/537.36 (KHTML, like Gecko) Chrome/65.0.3325.181 Safari/537.36"
0:0:0:0:0:0:0:1 - - [30/Apr/2018:18:57:23 +0800] "GET /api/userinfo?id=126b3e597d294e22a3343819309231c1&return_body=false HTTP/1.1" 200 40 "http://localhost:8085/edit" "Mozilla/5.0 (Windows NT 6.3; Win64; x64) AppleWebKit/537.36 (KHTML, like Gecko) Chrome/65.0.3325.181 Safari/537.36"
0:0:0:0:0:0:0:1 - - [30/Apr/2018:18:57:23 +0800] "OPTIONS /api/file_token HTTP/1.1" 200 - "http://localhost:8085/edit" "Mozilla/5.0 (Windows NT 6.3; WOW64) AppleWebKit/537.36 (KHTML, like Gecko) Chrome/55.0.2883.87 Safari/537.36"
0:0:0:0:0:0:0:1 - - [30/Apr/2018:18:57:23 +0800] "OPTIONS /api/file_token HTTP/1.1" 200 - "http://localhost:8085/edit" "Mozilla/5.0 (Windows NT 6.3; WOW64) AppleWebKit/537.36 (KHTML, like Gecko) Chrome/55.0.2883.87 Safari/537.36"
0:0:0:0:0:0:0:1 - - [30/Apr/2018:18:57:24 +0800] "GET /api/file_token HTTP/1.1" 200 49 "http://localhost:8085/edit" "Mozilla/5.0 (Windows NT 6.3; WOW64) AppleWebKit/537.36 (KHTML, like Gecko) Chrome/55.0.2883.87 Safari/537.36"
0:0:0:0:0:0:0:1 - - [30/Apr/2018:18:57:24 +0800] "OPTIONS /api/userinfo?id=126b3e597d294e22a3343819309231c1&return_body=true HTTP/1.1" 200 - "http://localhost:8085/edit" "Mozilla/5.0 (Windows NT 6.3; WOW64) AppleWebKit/537.36 (KHTML, like Gecko) Chrome/55.0.2883.87 Safari/537.36"
0:0:0:0:0:0:0:1 - - [30/Apr/2018:18:57:24 +0800] "GET /api/userinfo?id=126b3e597d294e22a3343819309231c1&return_body=true HTTP/1.1" 200 304 "http://localhost:8085/edit" "Mozilla/5.0 (Windows NT 6.3; WOW64) AppleWebKit/537.36 (KHTML, like Gecko) Chrome/55.0.2883.87 Safari/537.36"
0:0:0:0:0:0:0:1 - - [30/Apr/2018:18:57:24 +0800] "GET /api/file_token HTTP/1.1" 200 49 "http://localhost:8085/edit" "Mozilla/5.0 (Windows NT 6.3; WOW64) AppleWebKit/537.36 (KHTML, like Gecko) Chrome/55.0.2883.87 Safari/537.36"
0:0:0:0:0:0:0:1 - - [30/Apr/2018:18:57:24 +0800] "OPTIONS /api/userinfo?id=126b3e597d294e22a3343819309231c1&return_body=false HTTP/1.1" 200 - "http://localhost:8085/edit" "Mozilla/5.0 (Windows NT 6.3; WOW64) AppleWebKit/537.36 (KHTML, like Gecko) Chrome/55.0.2883.87 Safari/537.36"
0:0:0:0:0:0:0:1 - - [30/Apr/2018:18:57:24 +0800] "GET /api/userinfo?id=126b3e597d294e22a3343819309231c1&return_body=false HTTP/1.1" 200 40 "http://localhost:8085/edit" "Mozilla/5.0 (Windows NT 6.3; WOW64) AppleWebKit/537.36 (KHTML, like Gecko) Chrome/55.0.2883.87 Safari/537.36"
0:0:0:0:0:0:0:1 - - [30/Apr/2018:18:57:24 +0800] "OPTIONS /api/file_token HTTP/1.1" 200 - "http://localhost:8085/edit" "Mozilla/5.0 (Windows NT 6.3; WOW64) AppleWebKit/537.36 (KHTML, like Gecko) Chrome/55.0.2883.87 Safari/537.36"
0:0:0:0:0:0:0:1 - - [30/Apr/2018:18:57:24 +0800] "OPTIONS /api/file_token HTTP/1.1" 200 - "http://localhost:8085/edit" "Mozilla/5.0 (Windows NT 6.3; WOW64) AppleWebKit/537.36 (KHTML, like Gecko) Chrome/55.0.2883.87 Safari/537.36"
0:0:0:0:0:0:0:1 - - [30/Apr/2018:18:57:24 +0800] "GET /api/file_token HTTP/1.1" 200 49 "http://localhost:8085/edit" "Mozilla/5.0 (Windows NT 6.3; WOW64) AppleWebKit/537.36 (KHTML, like Gecko) Chrome/55.0.2883.87 Safari/537.36"
0:0:0:0:0:0:0:1 - - [30/Apr/2018:18:57:24 +0800] "GET /api/file_token HTTP/1.1" 200 49 "http://localhost:8085/edit" "Mozilla/5.0 (Windows NT 6.3; WOW64) AppleWebKit/537.36 (KHTML, like Gecko) Chrome/55.0.2883.87 Safari/537.36"
0:0:0:0:0:0:0:1 - - [30/Apr/2018:18:57:24 +0800] "OPTIONS /api/userinfo?id=126b3e597d294e22a3343819309231c1&return_body=true HTTP/1.1" 200 - "http://localhost:8085/edit" "Mozilla/5.0 (Windows NT 6.3; WOW64) AppleWebKit/537.36 (KHTML, like Gecko) Chrome/55.0.2883.87 Safari/537.36"
0:0:0:0:0:0:0:1 - - [30/Apr/2018:18:57:24 +0800] "GET /api/userinfo?id=126b3e597d294e22a3343819309231c1&return_body=true HTTP/1.1" 200 304 "http://localhost:8085/edit" "Mozilla/5.0 (Windows NT 6.3; WOW64) AppleWebKit/537.36 (KHTML, like Gecko) Chrome/55.0.2883.87 Safari/537.36"
0:0:0:0:0:0:0:1 - - [30/Apr/2018:18:57:24 +0800] "OPTIONS /api/userinfo?id=126b3e597d294e22a3343819309231c1&return_body=false HTTP/1.1" 200 - "http://localhost:8085/edit" "Mozilla/5.0 (Windows NT 6.3; WOW64) AppleWebKit/537.36 (KHTML, like Gecko) Chrome/55.0.2883.87 Safari/537.36"
0:0:0:0:0:0:0:1 - - [30/Apr/2018:18:57:24 +0800] "GET /api/userinfo?id=126b3e597d294e22a3343819309231c1&return_body=false HTTP/1.1" 200 40 "http://localhost:8085/edit" "Mozilla/5.0 (Windows NT 6.3; WOW64) AppleWebKit/537.36 (KHTML, like Gecko) Chrome/55.0.2883.87 Safari/537.36"
0:0:0:0:0:0:0:1 - - [30/Apr/2018:19:02:13 +0800] "OPTIONS /api/file_token HTTP/1.1" 200 - "-" "Mozilla/5.0 (Windows NT 6.3; Win64; x64) AppleWebKit/537.36 (KHTML, like Gecko) Chrome/65.0.3325.181 Safari/537.36"
0:0:0:0:0:0:0:1 - - [30/Apr/2018:19:02:13 +0800] "OPTIONS /api/file_token HTTP/1.1" 200 - "-" "Mozilla/5.0 (Windows NT 6.3; Win64; x64) AppleWebKit/537.36 (KHTML, like Gecko) Chrome/65.0.3325.181 Safari/537.36"
0:0:0:0:0:0:0:1 - - [30/Apr/2018:19:02:14 +0800] "GET /api/file_token HTTP/1.1" 200 49 "http://localhost:8085/edit" "Mozilla/5.0 (Windows NT 6.3; Win64; x64) AppleWebKit/537.36 (KHTML, like Gecko) Chrome/65.0.3325.181 Safari/537.36"
0:0:0:0:0:0:0:1 - - [30/Apr/2018:19:02:14 +0800] "OPTIONS /api/userinfo?id=126b3e597d294e22a3343819309231c1&return_body=true HTTP/1.1" 200 - "-" "Mozilla/5.0 (Windows NT 6.3; Win64; x64) AppleWebKit/537.36 (KHTML, like Gecko) Chrome/65.0.3325.181 Safari/537.36"
0:0:0:0:0:0:0:1 - - [30/Apr/2018:19:02:14 +0800] "GET /api/file_token HTTP/1.1" 200 49 "http://localhost:8085/edit" "Mozilla/5.0 (Windows NT 6.3; Win64; x64) AppleWebKit/537.36 (KHTML, like Gecko) Chrome/65.0.3325.181 Safari/537.36"
0:0:0:0:0:0:0:1 - - [30/Apr/2018:19:02:14 +0800] "OPTIONS /api/userinfo?id=126b3e597d294e22a3343819309231c1&return_body=false HTTP/1.1" 200 - "-" "Mozilla/5.0 (Windows NT 6.3; Win64; x64) AppleWebKit/537.36 (KHTML, like Gecko) Chrome/65.0.3325.181 Safari/537.36"
0:0:0:0:0:0:0:1 - - [30/Apr/2018:19:02:15 +0800] "GET /api/userinfo?id=126b3e597d294e22a3343819309231c1&return_body=false HTTP/1.1" 200 40 "http://localhost:8085/edit" "Mozilla/5.0 (Windows NT 6.3; Win64; x64) AppleWebKit/537.36 (KHTML, like Gecko) Chrome/65.0.3325.181 Safari/537.36"
0:0:0:0:0:0:0:1 - - [30/Apr/2018:19:02:15 +0800] "GET /api/userinfo?id=126b3e597d294e22a3343819309231c1&return_body=true HTTP/1.1" 200 304 "http://localhost:8085/edit" "Mozilla/5.0 (Windows NT 6.3; Win64; x64) AppleWebKit/537.36 (KHTML, like Gecko) Chrome/65.0.3325.181 Safari/537.36"
0:0:0:0:0:0:0:1 - - [30/Apr/2018:19:05:16 +0800] "OPTIONS /api/file_token HTTP/1.1" 200 - "-" "Mozilla/5.0 (Windows NT 6.3; Win64; x64) AppleWebKit/537.36 (KHTML, like Gecko) Chrome/65.0.3325.181 Safari/537.36"
0:0:0:0:0:0:0:1 - - [30/Apr/2018:19:05:16 +0800] "OPTIONS /api/file_token HTTP/1.1" 200 - "-" "Mozilla/5.0 (Windows NT 6.3; Win64; x64) AppleWebKit/537.36 (KHTML, like Gecko) Chrome/65.0.3325.181 Safari/537.36"
0:0:0:0:0:0:0:1 - - [30/Apr/2018:19:05:16 +0800] "GET /api/file_token HTTP/1.1" 200 49 "http://localhost:8085/edit" "Mozilla/5.0 (Windows NT 6.3; Win64; x64) AppleWebKit/537.36 (KHTML, like Gecko) Chrome/65.0.3325.181 Safari/537.36"
0:0:0:0:0:0:0:1 - - [30/Apr/2018:19:05:16 +0800] "GET /api/file_token HTTP/1.1" 200 49 "http://localhost:8085/edit" "Mozilla/5.0 (Windows NT 6.3; Win64; x64) AppleWebKit/537.36 (KHTML, like Gecko) Chrome/65.0.3325.181 Safari/537.36"
0:0:0:0:0:0:0:1 - - [30/Apr/2018:19:05:16 +0800] "OPTIONS /api/userinfo?id=126b3e597d294e22a3343819309231c1&return_body=false HTTP/1.1" 200 - "-" "Mozilla/5.0 (Windows NT 6.3; Win64; x64) AppleWebKit/537.36 (KHTML, like Gecko) Chrome/65.0.3325.181 Safari/537.36"
0:0:0:0:0:0:0:1 - - [30/Apr/2018:19:05:16 +0800] "OPTIONS /api/userinfo?id=126b3e597d294e22a3343819309231c1&return_body=true HTTP/1.1" 200 - "-" "Mozilla/5.0 (Windows NT 6.3; Win64; x64) AppleWebKit/537.36 (KHTML, like Gecko) Chrome/65.0.3325.181 Safari/537.36"
0:0:0:0:0:0:0:1 - - [30/Apr/2018:19:05:16 +0800] "GET /api/userinfo?id=126b3e597d294e22a3343819309231c1&return_body=false HTTP/1.1" 200 40 "http://localhost:8085/edit" "Mozilla/5.0 (Windows NT 6.3; Win64; x64) AppleWebKit/537.36 (KHTML, like Gecko) Chrome/65.0.3325.181 Safari/537.36"
0:0:0:0:0:0:0:1 - - [30/Apr/2018:19:05:16 +0800] "GET /api/userinfo?id=126b3e597d294e22a3343819309231c1&return_body=true HTTP/1.1" 200 304 "http://localhost:8085/edit" "Mozilla/5.0 (Windows NT 6.3; Win64; x64) AppleWebKit/537.36 (KHTML, like Gecko) Chrome/65.0.3325.181 Safari/537.36"
0:0:0:0:0:0:0:1 - - [30/Apr/2018:19:07:40 +0800] "OPTIONS /api/file_token HTTP/1.1" 200 - "-" "Mozilla/5.0 (Windows NT 6.3; Win64; x64) AppleWebKit/537.36 (KHTML, like Gecko) Chrome/65.0.3325.181 Safari/537.36"
0:0:0:0:0:0:0:1 - - [30/Apr/2018:19:07:40 +0800] "OPTIONS /api/file_token HTTP/1.1" 200 - "-" "Mozilla/5.0 (Windows NT 6.3; Win64; x64) AppleWebKit/537.36 (KHTML, like Gecko) Chrome/65.0.3325.181 Safari/537.36"
0:0:0:0:0:0:0:1 - - [30/Apr/2018:19:07:40 +0800] "GET /api/file_token HTTP/1.1" 200 49 "http://localhost:8085/edit" "Mozilla/5.0 (Windows NT 6.3; Win64; x64) AppleWebKit/537.36 (KHTML, like Gecko) Chrome/65.0.3325.181 Safari/537.36"
0:0:0:0:0:0:0:1 - - [30/Apr/2018:19:07:40 +0800] "GET /api/file_token HTTP/1.1" 200 49 "http://localhost:8085/edit" "Mozilla/5.0 (Windows NT 6.3; Win64; x64) AppleWebKit/537.36 (KHTML, like Gecko) Chrome/65.0.3325.181 Safari/537.36"
0:0:0:0:0:0:0:1 - - [30/Apr/2018:19:07:40 +0800] "OPTIONS /api/userinfo?id=126b3e597d294e22a3343819309231c1&return_body=true HTTP/1.1" 200 - "-" "Mozilla/5.0 (Windows NT 6.3; Win64; x64) AppleWebKit/537.36 (KHTML, like Gecko) Chrome/65.0.3325.181 Safari/537.36"
0:0:0:0:0:0:0:1 - - [30/Apr/2018:19:07:40 +0800] "OPTIONS /api/userinfo?id=126b3e597d294e22a3343819309231c1&return_body=false HTTP/1.1" 200 - "-" "Mozilla/5.0 (Windows NT 6.3; Win64; x64) AppleWebKit/537.36 (KHTML, like Gecko) Chrome/65.0.3325.181 Safari/537.36"
0:0:0:0:0:0:0:1 - - [30/Apr/2018:19:07:41 +0800] "GET /api/userinfo?id=126b3e597d294e22a3343819309231c1&return_body=false HTTP/1.1" 200 40 "http://localhost:8085/edit" "Mozilla/5.0 (Windows NT 6.3; Win64; x64) AppleWebKit/537.36 (KHTML, like Gecko) Chrome/65.0.3325.181 Safari/537.36"
0:0:0:0:0:0:0:1 - - [30/Apr/2018:19:07:41 +0800] "GET /api/userinfo?id=126b3e597d294e22a3343819309231c1&return_body=true HTTP/1.1" 200 304 "http://localhost:8085/edit" "Mozilla/5.0 (Windows NT 6.3; Win64; x64) AppleWebKit/537.36 (KHTML, like Gecko) Chrome/65.0.3325.181 Safari/537.36"
0:0:0:0:0:0:0:1 - - [30/Apr/2018:19:20:39 +0800] "OPTIONS /api/file_token HTTP/1.1" 200 - "-" "Mozilla/5.0 (Windows NT 6.3; Win64; x64) AppleWebKit/537.36 (KHTML, like Gecko) Chrome/65.0.3325.181 Safari/537.36"
0:0:0:0:0:0:0:1 - - [30/Apr/2018:19:20:39 +0800] "OPTIONS /api/file_token HTTP/1.1" 200 - "-" "Mozilla/5.0 (Windows NT 6.3; Win64; x64) AppleWebKit/537.36 (KHTML, like Gecko) Chrome/65.0.3325.181 Safari/537.36"
0:0:0:0:0:0:0:1 - - [30/Apr/2018:19:20:39 +0800] "GET /api/file_token HTTP/1.1" 200 49 "http://localhost:8085/edit" "Mozilla/5.0 (Windows NT 6.3; Win64; x64) AppleWebKit/537.36 (KHTML, like Gecko) Chrome/65.0.3325.181 Safari/537.36"
0:0:0:0:0:0:0:1 - - [30/Apr/2018:19:20:39 +0800] "GET /api/file_token HTTP/1.1" 200 49 "http://localhost:8085/edit" "Mozilla/5.0 (Windows NT 6.3; Win64; x64) AppleWebKit/537.36 (KHTML, like Gecko) Chrome/65.0.3325.181 Safari/537.36"
0:0:0:0:0:0:0:1 - - [30/Apr/2018:19:20:39 +0800] "OPTIONS /api/userinfo?id=126b3e597d294e22a3343819309231c1&return_body=false HTTP/1.1" 200 - "-" "Mozilla/5.0 (Windows NT 6.3; Win64; x64) AppleWebKit/537.36 (KHTML, like Gecko) Chrome/65.0.3325.181 Safari/537.36"
0:0:0:0:0:0:0:1 - - [30/Apr/2018:19:20:39 +0800] "OPTIONS /api/userinfo?id=126b3e597d294e22a3343819309231c1&return_body=true HTTP/1.1" 200 - "-" "Mozilla/5.0 (Windows NT 6.3; Win64; x64) AppleWebKit/537.36 (KHTML, like Gecko) Chrome/65.0.3325.181 Safari/537.36"
0:0:0:0:0:0:0:1 - - [30/Apr/2018:19:20:40 +0800] "GET /api/userinfo?id=126b3e597d294e22a3343819309231c1&return_body=false HTTP/1.1" 200 40 "http://localhost:8085/edit" "Mozilla/5.0 (Windows NT 6.3; Win64; x64) AppleWebKit/537.36 (KHTML, like Gecko) Chrome/65.0.3325.181 Safari/537.36"
0:0:0:0:0:0:0:1 - - [30/Apr/2018:19:20:40 +0800] "GET /api/userinfo?id=126b3e597d294e22a3343819309231c1&return_body=true HTTP/1.1" 200 304 "http://localhost:8085/edit" "Mozilla/5.0 (Windows NT 6.3; Win64; x64) AppleWebKit/537.36 (KHTML, like Gecko) Chrome/65.0.3325.181 Safari/537.36"
0:0:0:0:0:0:0:1 - - [30/Apr/2018:19:27:56 +0800] "OPTIONS /api/file_token HTTP/1.1" 200 - "http://localhost:8085/edit" "Mozilla/5.0 (Windows NT 6.3; WOW64) AppleWebKit/537.36 (KHTML, like Gecko) Chrome/55.0.2883.87 Safari/537.36"
0:0:0:0:0:0:0:1 - - [30/Apr/2018:19:27:59 +0800] "GET /api/file_token HTTP/1.1" 200 670 "http://localhost:8085/edit" "Mozilla/5.0 (Windows NT 6.3; WOW64) AppleWebKit/537.36 (KHTML, like Gecko) Chrome/55.0.2883.87 Safari/537.36"
0:0:0:0:0:0:0:1 - - [30/Apr/2018:19:27:59 +0800] "OPTIONS /api/userinfo?id=126b3e597d294e22a3343819309231c1&return_body=true HTTP/1.1" 200 - "http://localhost:8085/edit" "Mozilla/5.0 (Windows NT 6.3; WOW64) AppleWebKit/537.36 (KHTML, like Gecko) Chrome/55.0.2883.87 Safari/537.36"
0:0:0:0:0:0:0:1 - - [30/Apr/2018:19:27:59 +0800] "GET /api/file_token HTTP/1.1" 200 670 "http://localhost:8085/edit" "Mozilla/5.0 (Windows NT 6.3; WOW64) AppleWebKit/537.36 (KHTML, like Gecko) Chrome/55.0.2883.87 Safari/537.36"
0:0:0:0:0:0:0:1 - - [30/Apr/2018:19:28:00 +0800] "OPTIONS /api/userinfo?id=126b3e597d294e22a3343819309231c1&return_body=false HTTP/1.1" 200 - "http://localhost:8085/edit" "Mozilla/5.0 (Windows NT 6.3; WOW64) AppleWebKit/537.36 (KHTML, like Gecko) Chrome/55.0.2883.87 Safari/537.36"
0:0:0:0:0:0:0:1 - - [30/Apr/2018:19:28:00 +0800] "GET /api/userinfo?id=126b3e597d294e22a3343819309231c1&return_body=false HTTP/1.1" 200 40 "http://localhost:8085/edit" "Mozilla/5.0 (Windows NT 6.3; WOW64) AppleWebKit/537.36 (KHTML, like Gecko) Chrome/55.0.2883.87 Safari/537.36"
0:0:0:0:0:0:0:1 - - [30/Apr/2018:19:28:00 +0800] "GET /api/userinfo?id=126b3e597d294e22a3343819309231c1&return_body=true HTTP/1.1" 200 304 "http://localhost:8085/edit" "Mozilla/5.0 (Windows NT 6.3; WOW64) AppleWebKit/537.36 (KHTML, like Gecko) Chrome/55.0.2883.87 Safari/537.36"
0:0:0:0:0:0:0:1 - - [30/Apr/2018:19:28:14 +0800] "OPTIONS /api/userinfo HTTP/1.1" 200 - "http://localhost:8085/edit" "Mozilla/5.0 (Windows NT 6.3; WOW64) AppleWebKit/537.36 (KHTML, like Gecko) Chrome/55.0.2883.87 Safari/537.36"
0:0:0:0:0:0:0:1 - - [30/Apr/2018:19:28:14 +0800] "PUT /api/userinfo HTTP/1.1" 200 56 "http://localhost:8085/edit" "Mozilla/5.0 (Windows NT 6.3; WOW64) AppleWebKit/537.36 (KHTML, like Gecko) Chrome/55.0.2883.87 Safari/537.36"
0:0:0:0:0:0:0:1 - - [30/Apr/2018:19:45:30 +0800] "OPTIONS /api/file_token HTTP/1.1" 200 - "-" "Mozilla/5.0 (Windows NT 6.3; Win64; x64) AppleWebKit/537.36 (KHTML, like Gecko) Chrome/65.0.3325.181 Safari/537.36"
0:0:0:0:0:0:0:1 - - [30/Apr/2018:19:45:30 +0800] "OPTIONS /api/file_token HTTP/1.1" 200 - "-" "Mozilla/5.0 (Windows NT 6.3; Win64; x64) AppleWebKit/537.36 (KHTML, like Gecko) Chrome/65.0.3325.181 Safari/537.36"
0:0:0:0:0:0:0:1 - - [30/Apr/2018:19:45:30 +0800] "GET /api/file_token HTTP/1.1" 200 670 "http://localhost:8085/edit" "Mozilla/5.0 (Windows NT 6.3; Win64; x64) AppleWebKit/537.36 (KHTML, like Gecko) Chrome/65.0.3325.181 Safari/537.36"
0:0:0:0:0:0:0:1 - - [30/Apr/2018:19:45:30 +0800] "OPTIONS /api/userinfo?id=126b3e597d294e22a3343819309231c1&return_body=false HTTP/1.1" 200 - "-" "Mozilla/5.0 (Windows NT 6.3; Win64; x64) AppleWebKit/537.36 (KHTML, like Gecko) Chrome/65.0.3325.181 Safari/537.36"
0:0:0:0:0:0:0:1 - - [30/Apr/2018:19:45:30 +0800] "GET /api/file_token HTTP/1.1" 200 670 "http://localhost:8085/edit" "Mozilla/5.0 (Windows NT 6.3; Win64; x64) AppleWebKit/537.36 (KHTML, like Gecko) Chrome/65.0.3325.181 Safari/537.36"
0:0:0:0:0:0:0:1 - - [30/Apr/2018:19:45:30 +0800] "OPTIONS /api/userinfo?id=126b3e597d294e22a3343819309231c1&return_body=true HTTP/1.1" 200 - "-" "Mozilla/5.0 (Windows NT 6.3; Win64; x64) AppleWebKit/537.36 (KHTML, like Gecko) Chrome/65.0.3325.181 Safari/537.36"
0:0:0:0:0:0:0:1 - - [30/Apr/2018:19:45:30 +0800] "GET /api/userinfo?id=126b3e597d294e22a3343819309231c1&return_body=true HTTP/1.1" 200 304 "http://localhost:8085/edit" "Mozilla/5.0 (Windows NT 6.3; Win64; x64) AppleWebKit/537.36 (KHTML, like Gecko) Chrome/65.0.3325.181 Safari/537.36"
0:0:0:0:0:0:0:1 - - [30/Apr/2018:19:45:30 +0800] "GET /api/userinfo?id=126b3e597d294e22a3343819309231c1&return_body=false HTTP/1.1" 200 40 "http://localhost:8085/edit" "Mozilla/5.0 (Windows NT 6.3; Win64; x64) AppleWebKit/537.36 (KHTML, like Gecko) Chrome/65.0.3325.181 Safari/537.36"
0:0:0:0:0:0:0:1 - - [30/Apr/2018:20:41:47 +0800] "OPTIONS /api/token HTTP/1.1" 200 - "-" "Mozilla/5.0 (Windows NT 6.3; Win64; x64) AppleWebKit/537.36 (KHTML, like Gecko) Chrome/65.0.3325.181 Safari/537.36"
0:0:0:0:0:0:0:1 - - [30/Apr/2018:20:41:48 +0800] "POST /api/token HTTP/1.1" 200 289 "http://localhost:8085/" "Mozilla/5.0 (Windows NT 6.3; Win64; x64) AppleWebKit/537.36 (KHTML, like Gecko) Chrome/65.0.3325.181 Safari/537.36"
0:0:0:0:0:0:0:1 - - [30/Apr/2018:20:41:49 +0800] "OPTIONS /api/file_token HTTP/1.1" 200 - "-" "Mozilla/5.0 (Windows NT 6.3; Win64; x64) AppleWebKit/537.36 (KHTML, like Gecko) Chrome/65.0.3325.181 Safari/537.36"
0:0:0:0:0:0:0:1 - - [30/Apr/2018:20:41:52 +0800] "GET /api/file_token HTTP/1.1" 200 670 "http://localhost:8085/main" "Mozilla/5.0 (Windows NT 6.3; Win64; x64) AppleWebKit/537.36 (KHTML, like Gecko) Chrome/65.0.3325.181 Safari/537.36"
0:0:0:0:0:0:0:1 - - [30/Apr/2018:20:41:52 +0800] "OPTIONS /api/userinfo?id=126b3e597d294e22a3343819309231c1&return_body=false HTTP/1.1" 200 - "-" "Mozilla/5.0 (Windows NT 6.3; Win64; x64) AppleWebKit/537.36 (KHTML, like Gecko) Chrome/65.0.3325.181 Safari/537.36"
0:0:0:0:0:0:0:1 - - [30/Apr/2018:20:41:52 +0800] "GET /api/userinfo?id=126b3e597d294e22a3343819309231c1&return_body=false HTTP/1.1" 200 40 "http://localhost:8085/main" "Mozilla/5.0 (Windows NT 6.3; Win64; x64) AppleWebKit/537.36 (KHTML, like Gecko) Chrome/65.0.3325.181 Safari/537.36"
